{"/home/travis/build/npmtest/node-npmtest-ical-generator/test.js":{"path":"/home/travis/build/npmtest/node-npmtest-ical-generator/test.js","s":{"1":2,"2":2,"3":2,"4":2,"5":2,"6":2,"7":2,"8":1,"9":2,"10":2,"11":1,"12":1,"13":1,"14":1,"15":2,"16":2,"17":2,"18":2,"19":1,"20":1,"21":2,"22":2,"23":2,"24":1,"25":1,"26":1,"27":1,"28":1,"29":1,"30":1,"31":1,"32":1,"33":1,"34":1,"35":1,"36":1,"37":1,"38":1,"39":2,"40":2,"41":1,"42":2,"43":2,"44":1,"45":2,"46":2,"47":1,"48":2,"49":2,"50":1,"51":1,"52":1,"53":1,"54":1},"b":{"1":[2,1,1,1],"2":[1,1,1,1],"3":[1,1],"4":[1,1],"5":[1,1],"6":[1,1],"7":[1,1],"8":[1,1],"9":[1,1],"10":[1,1,1],"11":[1,1],"12":[1,1],"13":[1,1],"14":[1,1],"15":[1,1],"16":[1,1],"17":[1,1]},"f":{"1":2,"2":2,"3":2,"4":2,"5":2,"6":1,"7":1,"8":1,"9":2,"10":2,"11":2,"12":2,"13":1},"fnMap":{"1":{"name":"(anonymous_1)","line":12,"loc":{"start":{"line":12,"column":1},"end":{"line":12,"column":13}}},"2":{"name":"(anonymous_2)","line":19,"loc":{"start":{"line":19,"column":5},"end":{"line":19,"column":17}}},"3":{"name":"(anonymous_3)","line":23,"loc":{"start":{"line":23,"column":24},"end":{"line":23,"column":36}}},"4":{"name":"(anonymous_4)","line":61,"loc":{"start":{"line":61,"column":5},"end":{"line":61,"column":17}}},"5":{"name":"(anonymous_5)","line":82,"loc":{"start":{"line":82,"column":5},"end":{"line":82,"column":17}}},"6":{"name":"(anonymous_6)","line":91,"loc":{"start":{"line":91,"column":77},"end":{"line":94,"column":10}}},"7":{"name":"(anonymous_7)","line":112,"loc":{"start":{"line":112,"column":83},"end":{"line":115,"column":10}},"skip":true},"8":{"name":"(anonymous_8)","line":123,"loc":{"start":{"line":123,"column":77},"end":{"line":126,"column":10}},"skip":true},"9":{"name":"(anonymous_9)","line":139,"loc":{"start":{"line":139,"column":12},"end":{"line":139,"column":40}},"skip":true},"10":{"name":"(anonymous_10)","line":147,"loc":{"start":{"line":147,"column":77},"end":{"line":150,"column":10}},"skip":true},"11":{"name":"(anonymous_11)","line":158,"loc":{"start":{"line":158,"column":83},"end":{"line":161,"column":10}},"skip":true},"12":{"name":"(anonymous_12)","line":169,"loc":{"start":{"line":169,"column":79},"end":{"line":172,"column":10}},"skip":true},"13":{"name":"(anonymous_13)","line":180,"loc":{"start":{"line":180,"column":75},"end":{"line":183,"column":10}},"skip":true}},"statementMap":{"1":{"start":{"line":12,"column":0},"end":{"line":195,"column":5}},"2":{"start":{"line":14,"column":4},"end":{"line":14,"column":14}},"3":{"start":{"line":19,"column":4},"end":{"line":56,"column":9}},"4":{"start":{"line":21,"column":8},"end":{"line":21,"column":19}},"5":{"start":{"line":23,"column":8},"end":{"line":35,"column":13}},"6":{"start":{"line":24,"column":12},"end":{"line":34,"column":13}},"7":{"start":{"line":25,"column":16},"end":{"line":28,"column":30}},"8":{"start":{"line":30,"column":16},"end":{"line":33,"column":27}},"9":{"start":{"line":37,"column":8},"end":{"line":39,"column":21}},"10":{"start":{"line":40,"column":8},"end":{"line":53,"column":9}},"11":{"start":{"line":43,"column":12},"end":{"line":46,"column":14}},"12":{"start":{"line":47,"column":12},"end":{"line":47,"column":18}},"13":{"start":{"line":50,"column":12},"end":{"line":51,"column":46}},"14":{"start":{"line":52,"column":12},"end":{"line":52,"column":18}},"15":{"start":{"line":55,"column":8},"end":{"line":55,"column":35}},"16":{"start":{"line":61,"column":4},"end":{"line":63,"column":9}},"17":{"start":{"line":62,"column":8},"end":{"line":62,"column":15}},"18":{"start":{"line":64,"column":4},"end":{"line":77,"column":5}},"19":{"start":{"line":70,"column":8},"end":{"line":70,"column":14}},"20":{"start":{"line":76,"column":8},"end":{"line":76,"column":14}},"21":{"start":{"line":82,"column":4},"end":{"line":84,"column":9}},"22":{"start":{"line":83,"column":8},"end":{"line":83,"column":15}},"23":{"start":{"line":85,"column":4},"end":{"line":194,"column":5}},"24":{"start":{"line":91,"column":8},"end":{"line":99,"column":10}},"25":{"start":{"line":98,"column":12},"end":{"line":98,"column":35}},"26":{"start":{"line":102,"column":8},"end":{"line":104,"column":63}},"27":{"start":{"line":105,"column":8},"end":{"line":105,"column":14}},"28":{"start":{"line":112,"column":8},"end":{"line":121,"column":10},"skip":true},"29":{"start":{"line":119,"column":12},"end":{"line":119,"column":55},"skip":true},"30":{"start":{"line":120,"column":12},"end":{"line":120,"column":48},"skip":true},"31":{"start":{"line":123,"column":8},"end":{"line":136,"column":10},"skip":true},"32":{"start":{"line":130,"column":12},"end":{"line":130,"column":76},"skip":true},"33":{"start":{"line":131,"column":12},"end":{"line":131,"column":73},"skip":true},"34":{"start":{"line":132,"column":12},"end":{"line":132,"column":74},"skip":true},"35":{"start":{"line":133,"column":12},"end":{"line":133,"column":79},"skip":true},"36":{"start":{"line":134,"column":12},"end":{"line":134,"column":25},"skip":true},"37":{"start":{"line":135,"column":12},"end":{"line":135,"column":45},"skip":true},"38":{"start":{"line":138,"column":8},"end":{"line":145,"column":14},"skip":true},"39":{"start":{"line":143,"column":16},"end":{"line":143,"column":29},"skip":true},"40":{"start":{"line":144,"column":16},"end":{"line":144,"column":55},"skip":true},"41":{"start":{"line":147,"column":8},"end":{"line":156,"column":10},"skip":true},"42":{"start":{"line":154,"column":12},"end":{"line":154,"column":25},"skip":true},"43":{"start":{"line":155,"column":12},"end":{"line":155,"column":45},"skip":true},"44":{"start":{"line":158,"column":8},"end":{"line":167,"column":10},"skip":true},"45":{"start":{"line":165,"column":12},"end":{"line":165,"column":25},"skip":true},"46":{"start":{"line":166,"column":12},"end":{"line":166,"column":48},"skip":true},"47":{"start":{"line":169,"column":8},"end":{"line":178,"column":10},"skip":true},"48":{"start":{"line":176,"column":12},"end":{"line":176,"column":25},"skip":true},"49":{"start":{"line":177,"column":12},"end":{"line":177,"column":46},"skip":true},"50":{"start":{"line":180,"column":8},"end":{"line":189,"column":10},"skip":true},"51":{"start":{"line":187,"column":12},"end":{"line":187,"column":94},"skip":true},"52":{"start":{"line":188,"column":12},"end":{"line":188,"column":48},"skip":true},"53":{"start":{"line":192,"column":8},"end":{"line":192,"column":35},"skip":true},"54":{"start":{"line":193,"column":8},"end":{"line":193,"column":14},"skip":true}},"branchMap":{"1":{"line":25,"type":"binary-expr","locations":[{"start":{"line":25,"column":23},"end":{"line":25,"column":62}},{"start":{"line":26,"column":20},"end":{"line":26,"column":70}},{"start":{"line":27,"column":20},"end":{"line":27,"column":71}},{"start":{"line":28,"column":20},"end":{"line":28,"column":29}}]},"2":{"line":30,"type":"binary-expr","locations":[{"start":{"line":30,"column":23},"end":{"line":30,"column":37}},{"start":{"line":31,"column":20},"end":{"line":31,"column":61}},{"start":{"line":32,"column":20},"end":{"line":32,"column":70}},{"start":{"line":33,"column":20},"end":{"line":33,"column":26}}]},"3":{"line":37,"type":"cond-expr","locations":[{"start":{"line":38,"column":14},"end":{"line":38,"column":20}},{"start":{"line":39,"column":14},"end":{"line":39,"column":20}}]},"4":{"line":40,"type":"switch","locations":[{"start":{"line":42,"column":8},"end":{"line":47,"column":18}},{"start":{"line":49,"column":8},"end":{"line":52,"column":18}}]},"5":{"line":44,"type":"binary-expr","locations":[{"start":{"line":44,"column":16},"end":{"line":44,"column":44}},{"start":{"line":44,"column":48},"end":{"line":44,"column":66}}]},"6":{"line":50,"type":"binary-expr","locations":[{"start":{"line":50,"column":21},"end":{"line":50,"column":49}},{"start":{"line":50,"column":53},"end":{"line":50,"column":72}}]},"7":{"line":64,"type":"switch","locations":[{"start":{"line":69,"column":4},"end":{"line":70,"column":14}},{"start":{"line":75,"column":4},"end":{"line":76,"column":14}}]},"8":{"line":85,"type":"switch","locations":[{"start":{"line":90,"column":4},"end":{"line":105,"column":14}},{"start":{"line":111,"column":4},"end":{"line":193,"column":14},"skip":true}]},"9":{"line":91,"type":"binary-expr","locations":[{"start":{"line":91,"column":42},"end":{"line":91,"column":73}},{"start":{"line":91,"column":77},"end":{"line":99,"column":9}}]},"10":{"line":102,"type":"binary-expr","locations":[{"start":{"line":102,"column":18},"end":{"line":102,"column":32}},{"start":{"line":103,"column":12},"end":{"line":103,"column":53}},{"start":{"line":104,"column":12},"end":{"line":104,"column":61}}]},"11":{"line":112,"type":"binary-expr","locations":[{"start":{"line":112,"column":45},"end":{"line":112,"column":79},"skip":true},{"start":{"line":112,"column":83},"end":{"line":121,"column":9},"skip":true}]},"12":{"line":123,"type":"binary-expr","locations":[{"start":{"line":123,"column":42},"end":{"line":123,"column":73},"skip":true},{"start":{"line":123,"column":77},"end":{"line":136,"column":9},"skip":true}]},"13":{"line":138,"type":"binary-expr","locations":[{"start":{"line":138,"column":48},"end":{"line":138,"column":85},"skip":true},{"start":{"line":139,"column":12},"end":{"line":145,"column":13},"skip":true}]},"14":{"line":147,"type":"binary-expr","locations":[{"start":{"line":147,"column":42},"end":{"line":147,"column":73},"skip":true},{"start":{"line":147,"column":77},"end":{"line":156,"column":9},"skip":true}]},"15":{"line":158,"type":"binary-expr","locations":[{"start":{"line":158,"column":45},"end":{"line":158,"column":79},"skip":true},{"start":{"line":158,"column":83},"end":{"line":167,"column":9},"skip":true}]},"16":{"line":169,"type":"binary-expr","locations":[{"start":{"line":169,"column":43},"end":{"line":169,"column":75},"skip":true},{"start":{"line":169,"column":79},"end":{"line":178,"column":9},"skip":true}]},"17":{"line":180,"type":"binary-expr","locations":[{"start":{"line":180,"column":41},"end":{"line":180,"column":71},"skip":true},{"start":{"line":180,"column":75},"end":{"line":189,"column":9},"skip":true}]}},"code":["/* istanbul instrument in package npmtest_ical_generator */","/*jslint","    bitwise: true,","    browser: true,","    maxerr: 8,","    maxlen: 96,","    node: true,","    nomen: true,","    regexp: true,","    stupid: true","*/","(function () {","    'use strict';","    var local;","","","","    // run shared js-env code - pre-init","    (function () {","        // init local","        local = {};","        // init modeJs","        local.modeJs = (function () {","            try {","                return typeof navigator.userAgent === 'string' &&","                    typeof document.querySelector('body') === 'object' &&","                    typeof XMLHttpRequest.prototype.open === 'function' &&","                    'browser';","            } catch (errorCaughtBrowser) {","                return module.exports &&","                    typeof process.versions.node === 'string' &&","                    typeof require('http').createServer === 'function' &&","                    'node';","            }","        }());","        // init global","        local.global = local.modeJs === 'browser'","            ? window","            : global;","        switch (local.modeJs) {","        // re-init local from window.local","        case 'browser':","            local = local.global.utility2.objectSetDefault(","                local.global.utility2_rollup || local.global.local,","                local.global.utility2","            );","            break;","        // re-init local from example.js","        case 'node':","            local = (local.global.utility2_rollup || require('utility2'))","                .requireExampleJsFromReadme();","            break;","        }","        // export local","        local.global.local = local;","    }());","","","","    // run shared js-env code - function","    (function () {","        return;","    }());","    switch (local.modeJs) {","","","","    // run browser js-env code - function","    case 'browser':","        break;","","","","    // run node js-env code - function","    case 'node':","        break;","    }","","","","    // run shared js-env code - post-init","    (function () {","        return;","    }());","    switch (local.modeJs) {","","","","    // run browser js-env code - post-init","    case 'browser':","        local.testCase_browser_nullCase = local.testCase_browser_nullCase || function (","            options,","            onError","        ) {","        /*","         * this function will test browsers's null-case handling-behavior-behavior","         */","            onError(null, options);","        };","","        // run tests","        local.nop(local.modeTest &&","            document.querySelector('#testRunButton1') &&","            document.querySelector('#testRunButton1').click());","        break;","","","","    // run node js-env code - post-init","    /* istanbul ignore next */","    case 'node':","        local.testCase_buildApidoc_default = local.testCase_buildApidoc_default || function (","            options,","            onError","        ) {","        /*","         * this function will test buildApidoc's default handling-behavior-behavior","         */","            options = { modulePathList: module.paths };","            local.buildApidoc(options, onError);","        };","","        local.testCase_buildApp_default = local.testCase_buildApp_default || function (","            options,","            onError","        ) {","        /*","         * this function will test buildApp's default handling-behavior-behavior","         */","            local.testCase_buildReadme_default(options, local.onErrorThrow);","            local.testCase_buildLib_default(options, local.onErrorThrow);","            local.testCase_buildTest_default(options, local.onErrorThrow);","            local.testCase_buildCustomOrg_default(options, local.onErrorThrow);","            options = [];","            local.buildApp(options, onError);","        };","","        local.testCase_buildCustomOrg_default = local.testCase_buildCustomOrg_default ||","            function (options, onError) {","            /*","             * this function will test buildCustomOrg's default handling-behavior","             */","                options = {};","                local.buildCustomOrg(options, onError);","            };","","        local.testCase_buildLib_default = local.testCase_buildLib_default || function (","            options,","            onError","        ) {","        /*","         * this function will test buildLib's default handling-behavior","         */","            options = {};","            local.buildLib(options, onError);","        };","","        local.testCase_buildReadme_default = local.testCase_buildReadme_default || function (","            options,","            onError","        ) {","        /*","         * this function will test buildReadme's default handling-behavior-behavior","         */","            options = {};","            local.buildReadme(options, onError);","        };","","        local.testCase_buildTest_default = local.testCase_buildTest_default || function (","            options,","            onError","        ) {","        /*","         * this function will test buildTest's default handling-behavior","         */","            options = {};","            local.buildTest(options, onError);","        };","","        local.testCase_webpage_default = local.testCase_webpage_default || function (","            options,","            onError","        ) {","        /*","         * this function will test webpage's default handling-behavior","         */","            options = { modeCoverageMerge: true, url: local.serverLocalHost + '?modeTest=1' };","            local.browserTest(options, onError);","        };","","        // run test-server","        local.testRunServer(local);","        break;","    }","}());",""],"l":{"12":2,"14":2,"19":2,"21":2,"23":2,"24":2,"25":2,"30":1,"37":2,"40":2,"43":1,"47":1,"50":1,"52":1,"55":2,"61":2,"62":2,"64":2,"70":1,"76":1,"82":2,"83":2,"85":2,"91":1,"98":1,"102":1,"105":1,"112":1,"119":1,"120":1,"123":1,"130":1,"131":1,"132":1,"133":1,"134":1,"135":1,"138":1,"143":2,"144":2,"147":1,"154":2,"155":2,"158":1,"165":2,"166":2,"169":1,"176":2,"177":2,"180":1,"187":1,"188":1,"192":1,"193":1}},"/home/travis/build/npmtest/node-npmtest-ical-generator/lib.npmtest_ical_generator.js":{"path":"/home/travis/build/npmtest/node-npmtest-ical-generator/lib.npmtest_ical_generator.js","s":{"1":2,"2":2,"3":2,"4":2,"5":2,"6":2,"7":2,"8":1,"9":2,"10":2,"11":2,"12":2,"13":1,"14":1,"15":1,"16":1},"b":{"1":[2,1,1,1],"2":[1,1,1,1],"3":[1,1],"4":[2,2],"5":[1,1]},"f":{"1":2,"2":2,"3":2},"fnMap":{"1":{"name":"(anonymous_1)","line":12,"loc":{"start":{"line":12,"column":1},"end":{"line":12,"column":13}}},"2":{"name":"(anonymous_2)","line":19,"loc":{"start":{"line":19,"column":5},"end":{"line":19,"column":17}}},"3":{"name":"(anonymous_3)","line":23,"loc":{"start":{"line":23,"column":24},"end":{"line":23,"column":36}}}},"statementMap":{"1":{"start":{"line":12,"column":0},"end":{"line":53,"column":5}},"2":{"start":{"line":14,"column":4},"end":{"line":14,"column":14}},"3":{"start":{"line":19,"column":4},"end":{"line":52,"column":9}},"4":{"start":{"line":21,"column":8},"end":{"line":21,"column":19}},"5":{"start":{"line":23,"column":8},"end":{"line":35,"column":13}},"6":{"start":{"line":24,"column":12},"end":{"line":34,"column":13}},"7":{"start":{"line":25,"column":16},"end":{"line":28,"column":30}},"8":{"start":{"line":30,"column":16},"end":{"line":33,"column":27}},"9":{"start":{"line":37,"column":8},"end":{"line":39,"column":21}},"10":{"start":{"line":41,"column":8},"end":{"line":41,"column":54}},"11":{"start":{"line":43,"column":8},"end":{"line":43,"column":59}},"12":{"start":{"line":45,"column":8},"end":{"line":51,"column":9}},"13":{"start":{"line":46,"column":12},"end":{"line":46,"column":65}},"14":{"start":{"line":48,"column":12},"end":{"line":48,"column":35}},"15":{"start":{"line":49,"column":12},"end":{"line":49,"column":49}},"16":{"start":{"line":50,"column":12},"end":{"line":50,"column":43}}},"branchMap":{"1":{"line":25,"type":"binary-expr","locations":[{"start":{"line":25,"column":23},"end":{"line":25,"column":62}},{"start":{"line":26,"column":20},"end":{"line":26,"column":70}},{"start":{"line":27,"column":20},"end":{"line":27,"column":71}},{"start":{"line":28,"column":20},"end":{"line":28,"column":29}}]},"2":{"line":30,"type":"binary-expr","locations":[{"start":{"line":30,"column":23},"end":{"line":30,"column":37}},{"start":{"line":31,"column":20},"end":{"line":31,"column":61}},{"start":{"line":32,"column":20},"end":{"line":32,"column":70}},{"start":{"line":33,"column":20},"end":{"line":33,"column":26}}]},"3":{"line":37,"type":"cond-expr","locations":[{"start":{"line":38,"column":14},"end":{"line":38,"column":20}},{"start":{"line":39,"column":14},"end":{"line":39,"column":20}}]},"4":{"line":41,"type":"binary-expr","locations":[{"start":{"line":41,"column":16},"end":{"line":41,"column":44}},{"start":{"line":41,"column":48},"end":{"line":41,"column":53}}]},"5":{"line":45,"type":"if","locations":[{"start":{"line":45,"column":8},"end":{"line":45,"column":8}},{"start":{"line":45,"column":8},"end":{"line":45,"column":8}}]}},"code":["/* istanbul instrument in package npmtest_ical_generator */","/*jslint","    bitwise: true,","    browser: true,","    maxerr: 8,","    maxlen: 96,","    node: true,","    nomen: true,","    regexp: true,","    stupid: true","*/","(function () {","    'use strict';","    var local;","","","","    // run shared js-env code - pre-init","    (function () {","        // init local","        local = {};","        // init modeJs","        local.modeJs = (function () {","            try {","                return typeof navigator.userAgent === 'string' &&","                    typeof document.querySelector('body') === 'object' &&","                    typeof XMLHttpRequest.prototype.open === 'function' &&","                    'browser';","            } catch (errorCaughtBrowser) {","                return module.exports &&","                    typeof process.versions.node === 'string' &&","                    typeof require('http').createServer === 'function' &&","                    'node';","            }","        }());","        // init global","        local.global = local.modeJs === 'browser'","            ? window","            : global;","        // init utility2_rollup","        local = local.global.utility2_rollup || local;","        // init lib","        local.local = local.npmtest_ical_generator = local;","        // init exports","        if (local.modeJs === 'browser') {","            local.global.utility2_npmtest_ical_generator = local;","        } else {","            module.exports = local;","            module.exports.__dirname = __dirname;","            module.exports.module = module;","        }","    }());","}());",""],"l":{"12":2,"14":2,"19":2,"21":2,"23":2,"24":2,"25":2,"30":1,"37":2,"41":2,"43":2,"45":2,"46":1,"48":1,"49":1,"50":1}},"/home/travis/build/npmtest/node-npmtest-ical-generator/example.js":{"path":"/home/travis/build/npmtest/node-npmtest-ical-generator/example.js","s":{"1":2,"2":2,"3":2,"4":2,"5":2,"6":2,"7":2,"8":1,"9":2,"10":2,"11":2,"12":2,"13":1,"14":2,"15":2,"16":2,"17":2,"18":2,"19":0,"20":2,"21":1,"22":1,"23":1,"24":1,"25":1,"26":0,"27":0,"28":1,"29":1,"30":2,"31":0,"32":0,"33":0,"34":1,"35":2,"36":2,"37":3,"38":3,"39":3,"40":3,"41":0,"42":3,"43":3,"44":3,"45":1,"46":3,"47":1,"48":1,"49":1,"50":1,"51":1,"52":1,"53":1,"54":1,"55":1,"56":1,"57":0,"58":1,"59":6,"60":6,"61":1,"62":2,"63":0,"64":2,"65":1,"66":1,"67":0,"68":0,"69":0,"70":0,"71":0,"72":0,"73":0,"74":0,"75":0,"76":0,"77":0,"78":0,"79":0,"80":0,"81":0,"82":0,"83":0},"b":{"1":[2,1,1,1],"2":[1,1,1,1],"3":[1,1],"4":[2,2],"5":[1,1],"6":[1,1],"7":[2,0],"8":[2,1,1,1,1,1],"9":[0,2,0],"10":[1,1],"11":[2,1,1],"12":[1,0],"13":[0,2],"14":[2,0,0,0,0,0,0],"15":[0,3],"16":[3,0],"17":[1,1],"18":[0,1],"19":[1,2,0,2],"20":[1,0],"21":[1,1],"22":[0,0],"23":[0,0],"24":[0,0],"25":[0,0],"26":[0,0],"27":[0,0],"28":[0,0]},"f":{"1":2,"2":2,"3":2,"4":2,"5":2,"6":2,"7":3,"8":3,"9":3,"10":1,"11":6,"12":0},"fnMap":{"1":{"name":"(anonymous_1)","line":26,"loc":{"start":{"line":26,"column":1},"end":{"line":26,"column":13}}},"2":{"name":"(anonymous_2)","line":33,"loc":{"start":{"line":33,"column":5},"end":{"line":33,"column":17}}},"3":{"name":"(anonymous_3)","line":37,"loc":{"start":{"line":37,"column":24},"end":{"line":37,"column":36}}},"4":{"name":"(anonymous_4)","line":69,"loc":{"start":{"line":69,"column":31},"end":{"line":69,"column":48}},"skip":true},"5":{"name":"(anonymous_5)","line":78,"loc":{"start":{"line":78,"column":26},"end":{"line":78,"column":45}},"skip":true},"6":{"name":"(anonymous_6)","line":123,"loc":{"start":{"line":123,"column":33},"end":{"line":123,"column":48}},"skip":true},"7":{"name":"(anonymous_7)","line":125,"loc":{"start":{"line":125,"column":27},"end":{"line":125,"column":39}},"skip":true},"8":{"name":"(anonymous_8)","line":133,"loc":{"start":{"line":133,"column":59},"end":{"line":133,"column":74}},"skip":true},"9":{"name":"(anonymous_9)","line":143,"loc":{"start":{"line":143,"column":45},"end":{"line":143,"column":62}},"skip":true},"10":{"name":"(anonymous_10)","line":144,"loc":{"start":{"line":144,"column":73},"end":{"line":144,"column":92}},"skip":true},"11":{"name":"(anonymous_11)","line":272,"loc":{"start":{"line":272,"column":51},"end":{"line":272,"column":77}},"skip":true},"12":{"name":"(anonymous_12)","line":315,"loc":{"start":{"line":315,"column":32},"end":{"line":315,"column":61}},"skip":true}},"statementMap":{"1":{"start":{"line":26,"column":0},"end":{"line":326,"column":5}},"2":{"start":{"line":28,"column":4},"end":{"line":28,"column":14}},"3":{"start":{"line":33,"column":4},"end":{"line":60,"column":9}},"4":{"start":{"line":35,"column":8},"end":{"line":35,"column":19}},"5":{"start":{"line":37,"column":8},"end":{"line":49,"column":13}},"6":{"start":{"line":38,"column":12},"end":{"line":48,"column":13}},"7":{"start":{"line":39,"column":16},"end":{"line":42,"column":30}},"8":{"start":{"line":44,"column":16},"end":{"line":47,"column":27}},"9":{"start":{"line":51,"column":8},"end":{"line":53,"column":21}},"10":{"start":{"line":55,"column":8},"end":{"line":57,"column":45}},"11":{"start":{"line":59,"column":8},"end":{"line":59,"column":35}},"12":{"start":{"line":61,"column":4},"end":{"line":325,"column":5}},"13":{"start":{"line":69,"column":8},"end":{"line":121,"column":10},"skip":true},"14":{"start":{"line":70,"column":12},"end":{"line":88,"column":13},"skip":true},"15":{"start":{"line":76,"column":16},"end":{"line":87,"column":19},"skip":true},"16":{"start":{"line":79,"column":20},"end":{"line":86,"column":21},"skip":true},"17":{"start":{"line":82,"column":24},"end":{"line":82,"column":43},"skip":true},"18":{"start":{"line":83,"column":24},"end":{"line":83,"column":30},"skip":true},"19":{"start":{"line":85,"column":24},"end":{"line":85,"column":49},"skip":true},"20":{"start":{"line":89,"column":12},"end":{"line":107,"column":13},"skip":true},"21":{"start":{"line":92,"column":16},"end":{"line":102,"column":17},"skip":true},"22":{"start":{"line":93,"column":20},"end":{"line":93,"column":86},"skip":true},"23":{"start":{"line":94,"column":20},"end":{"line":95,"column":45},"skip":true},"24":{"start":{"line":96,"column":20},"end":{"line":96,"column":42},"skip":true},"25":{"start":{"line":97,"column":20},"end":{"line":97,"column":48},"skip":true},"26":{"start":{"line":100,"column":20},"end":{"line":100,"column":85},"skip":true},"27":{"start":{"line":101,"column":20},"end":{"line":101,"column":96},"skip":true},"28":{"start":{"line":103,"column":16},"end":{"line":103,"column":22},"skip":true},"29":{"start":{"line":106,"column":16},"end":{"line":106,"column":22},"skip":true},"30":{"start":{"line":108,"column":12},"end":{"line":120,"column":13},"skip":true},"31":{"start":{"line":114,"column":16},"end":{"line":119,"column":17},"skip":true},"32":{"start":{"line":116,"column":20},"end":{"line":116,"column":78},"skip":true},"33":{"start":{"line":118,"column":20},"end":{"line":118,"column":47},"skip":true},"34":{"start":{"line":123,"column":8},"end":{"line":141,"column":11},"skip":true},"35":{"start":{"line":124,"column":12},"end":{"line":124,"column":54},"skip":true},"36":{"start":{"line":125,"column":12},"end":{"line":140,"column":14},"skip":true},"37":{"start":{"line":126,"column":16},"end":{"line":126,"column":28},"skip":true},"38":{"start":{"line":127,"column":16},"end":{"line":127,"column":69},"skip":true},"39":{"start":{"line":128,"column":16},"end":{"line":128,"column":75},"skip":true},"40":{"start":{"line":129,"column":16},"end":{"line":131,"column":17},"skip":true},"41":{"start":{"line":130,"column":20},"end":{"line":130,"column":27},"skip":true},"42":{"start":{"line":133,"column":16},"end":{"line":137,"column":36},"skip":true},"43":{"start":{"line":134,"column":20},"end":{"line":136,"column":55},"skip":true},"44":{"start":{"line":139,"column":16},"end":{"line":139,"column":57},"skip":true},"45":{"start":{"line":143,"column":8},"end":{"line":147,"column":11},"skip":true},"46":{"start":{"line":144,"column":12},"end":{"line":146,"column":15},"skip":true},"47":{"start":{"line":145,"column":16},"end":{"line":145,"column":70},"skip":true},"48":{"start":{"line":149,"column":8},"end":{"line":149,"column":31},"skip":true},"49":{"start":{"line":150,"column":8},"end":{"line":150,"column":14},"skip":true},"50":{"start":{"line":158,"column":8},"end":{"line":158,"column":31},"skip":true},"51":{"start":{"line":160,"column":8},"end":{"line":160,"column":33},"skip":true},"52":{"start":{"line":161,"column":8},"end":{"line":161,"column":37},"skip":true},"53":{"start":{"line":162,"column":8},"end":{"line":162,"column":35},"skip":true},"54":{"start":{"line":164,"column":8},"end":{"line":164,"column":50},"skip":true},"55":{"start":{"line":166,"column":8},"end":{"line":256,"column":2},"skip":true},"56":{"start":{"line":258,"column":8},"end":{"line":286,"column":9},"skip":true},"57":{"start":{"line":259,"column":12},"end":{"line":269,"column":14},"skip":true},"58":{"start":{"line":271,"column":12},"end":{"line":285,"column":19},"skip":true},"59":{"start":{"line":274,"column":20},"end":{"line":274,"column":35},"skip":true},"60":{"start":{"line":275,"column":20},"end":{"line":284,"column":21},"skip":true},"61":{"start":{"line":277,"column":24},"end":{"line":277,"column":64},"skip":true},"62":{"start":{"line":279,"column":24},"end":{"line":279,"column":40},"skip":true},"63":{"start":{"line":281,"column":24},"end":{"line":281,"column":40},"skip":true},"64":{"start":{"line":283,"column":24},"end":{"line":283,"column":39},"skip":true},"65":{"start":{"line":288,"column":8},"end":{"line":290,"column":9},"skip":true},"66":{"start":{"line":289,"column":12},"end":{"line":289,"column":18},"skip":true},"67":{"start":{"line":291,"column":8},"end":{"line":293,"column":54},"skip":true},"68":{"start":{"line":296,"column":8},"end":{"line":301,"column":37},"skip":true},"69":{"start":{"line":303,"column":8},"end":{"line":303,"column":82},"skip":true},"70":{"start":{"line":306,"column":8},"end":{"line":308,"column":9},"skip":true},"71":{"start":{"line":307,"column":12},"end":{"line":307,"column":82},"skip":true},"72":{"start":{"line":310,"column":8},"end":{"line":312,"column":9},"skip":true},"73":{"start":{"line":311,"column":12},"end":{"line":311,"column":18},"skip":true},"74":{"start":{"line":313,"column":8},"end":{"line":313,"column":54},"skip":true},"75":{"start":{"line":314,"column":8},"end":{"line":314,"column":69},"skip":true},"76":{"start":{"line":315,"column":8},"end":{"line":323,"column":36},"skip":true},"77":{"start":{"line":316,"column":12},"end":{"line":316,"column":61},"skip":true},"78":{"start":{"line":317,"column":12},"end":{"line":320,"column":13},"skip":true},"79":{"start":{"line":318,"column":16},"end":{"line":318,"column":75},"skip":true},"80":{"start":{"line":319,"column":16},"end":{"line":319,"column":23},"skip":true},"81":{"start":{"line":321,"column":12},"end":{"line":321,"column":38},"skip":true},"82":{"start":{"line":322,"column":12},"end":{"line":322,"column":27},"skip":true},"83":{"start":{"line":324,"column":8},"end":{"line":324,"column":14},"skip":true}},"branchMap":{"1":{"line":39,"type":"binary-expr","locations":[{"start":{"line":39,"column":23},"end":{"line":39,"column":62}},{"start":{"line":40,"column":20},"end":{"line":40,"column":70}},{"start":{"line":41,"column":20},"end":{"line":41,"column":71}},{"start":{"line":42,"column":20},"end":{"line":42,"column":29}}]},"2":{"line":44,"type":"binary-expr","locations":[{"start":{"line":44,"column":23},"end":{"line":44,"column":37}},{"start":{"line":45,"column":20},"end":{"line":45,"column":61}},{"start":{"line":46,"column":20},"end":{"line":46,"column":70}},{"start":{"line":47,"column":20},"end":{"line":47,"column":26}}]},"3":{"line":51,"type":"cond-expr","locations":[{"start":{"line":52,"column":14},"end":{"line":52,"column":20}},{"start":{"line":53,"column":14},"end":{"line":53,"column":20}}]},"4":{"line":55,"type":"binary-expr","locations":[{"start":{"line":55,"column":16},"end":{"line":55,"column":44}},{"start":{"line":55,"column":49},"end":{"line":57,"column":43}}]},"5":{"line":55,"type":"cond-expr","locations":[{"start":{"line":56,"column":14},"end":{"line":56,"column":58}},{"start":{"line":57,"column":14},"end":{"line":57,"column":43}}]},"6":{"line":61,"type":"switch","locations":[{"start":{"line":68,"column":4},"end":{"line":150,"column":14},"skip":true},{"start":{"line":156,"column":4},"end":{"line":324,"column":14},"skip":true}]},"7":{"line":70,"type":"if","locations":[{"start":{"line":70,"column":12},"end":{"line":70,"column":12},"skip":true},{"start":{"line":70,"column":12},"end":{"line":70,"column":12},"skip":true}]},"8":{"line":70,"type":"binary-expr","locations":[{"start":{"line":70,"column":16},"end":{"line":70,"column":22},"skip":true},{"start":{"line":70,"column":27},"end":{"line":70,"column":32},"skip":true},{"start":{"line":71,"column":20},"end":{"line":71,"column":39},"skip":true},{"start":{"line":72,"column":20},"end":{"line":72,"column":49},"skip":true},{"start":{"line":73,"column":20},"end":{"line":73,"column":58},"skip":true},{"start":{"line":74,"column":20},"end":{"line":74,"column":69},"skip":true}]},"9":{"line":79,"type":"switch","locations":[{"start":{"line":80,"column":20},"end":{"line":80,"column":33},"skip":true},{"start":{"line":81,"column":20},"end":{"line":83,"column":30},"skip":true},{"start":{"line":84,"column":20},"end":{"line":85,"column":49},"skip":true}]},"10":{"line":89,"type":"switch","locations":[{"start":{"line":90,"column":12},"end":{"line":103,"column":22},"skip":true},{"start":{"line":105,"column":12},"end":{"line":106,"column":22},"skip":true}]},"11":{"line":89,"type":"binary-expr","locations":[{"start":{"line":89,"column":20},"end":{"line":89,"column":25},"skip":true},{"start":{"line":89,"column":29},"end":{"line":89,"column":48},"skip":true},{"start":{"line":89,"column":52},"end":{"line":89,"column":74},"skip":true}]},"12":{"line":92,"type":"if","locations":[{"start":{"line":92,"column":16},"end":{"line":92,"column":16},"skip":true},{"start":{"line":92,"column":16},"end":{"line":92,"column":16},"skip":true}]},"13":{"line":108,"type":"if","locations":[{"start":{"line":108,"column":12},"end":{"line":108,"column":12},"skip":true},{"start":{"line":108,"column":12},"end":{"line":108,"column":12},"skip":true}]},"14":{"line":108,"type":"binary-expr","locations":[{"start":{"line":108,"column":16},"end":{"line":108,"column":61},"skip":true},{"start":{"line":108,"column":66},"end":{"line":108,"column":72},"skip":true},{"start":{"line":108,"column":77},"end":{"line":108,"column":82},"skip":true},{"start":{"line":109,"column":20},"end":{"line":109,"column":39},"skip":true},{"start":{"line":110,"column":20},"end":{"line":110,"column":49},"skip":true},{"start":{"line":111,"column":20},"end":{"line":111,"column":58},"skip":true},{"start":{"line":112,"column":20},"end":{"line":112,"column":68},"skip":true}]},"15":{"line":129,"type":"if","locations":[{"start":{"line":129,"column":16},"end":{"line":129,"column":16},"skip":true},{"start":{"line":129,"column":16},"end":{"line":129,"column":16},"skip":true}]},"16":{"line":134,"type":"cond-expr","locations":[{"start":{"line":135,"column":26},"end":{"line":135,"column":29},"skip":true},{"start":{"line":136,"column":26},"end":{"line":136,"column":54},"skip":true}]},"17":{"line":164,"type":"binary-expr","locations":[{"start":{"line":164,"column":27},"end":{"line":164,"column":43},"skip":true},{"start":{"line":164,"column":47},"end":{"line":164,"column":49},"skip":true}]},"18":{"line":258,"type":"if","locations":[{"start":{"line":258,"column":8},"end":{"line":258,"column":8},"skip":true},{"start":{"line":258,"column":8},"end":{"line":258,"column":8},"skip":true}]},"19":{"line":275,"type":"switch","locations":[{"start":{"line":276,"column":20},"end":{"line":277,"column":64},"skip":true},{"start":{"line":278,"column":20},"end":{"line":279,"column":40},"skip":true},{"start":{"line":280,"column":20},"end":{"line":281,"column":40},"skip":true},{"start":{"line":282,"column":20},"end":{"line":283,"column":39},"skip":true}]},"20":{"line":288,"type":"if","locations":[{"start":{"line":288,"column":8},"end":{"line":288,"column":8},"skip":true},{"start":{"line":288,"column":8},"end":{"line":288,"column":8},"skip":true}]},"21":{"line":288,"type":"binary-expr","locations":[{"start":{"line":288,"column":12},"end":{"line":288,"column":40},"skip":true},{"start":{"line":288,"column":44},"end":{"line":288,"column":67},"skip":true}]},"22":{"line":292,"type":"binary-expr","locations":[{"start":{"line":292,"column":12},"end":{"line":292,"column":50},"skip":true},{"start":{"line":293,"column":12},"end":{"line":293,"column":53},"skip":true}]},"23":{"line":297,"type":"binary-expr","locations":[{"start":{"line":297,"column":12},"end":{"line":297,"column":72},"skip":true},{"start":{"line":298,"column":12},"end":{"line":301,"column":36},"skip":true}]},"24":{"line":303,"type":"binary-expr","locations":[{"start":{"line":303,"column":43},"end":{"line":303,"column":75},"skip":true},{"start":{"line":303,"column":79},"end":{"line":303,"column":81},"skip":true}]},"25":{"line":306,"type":"if","locations":[{"start":{"line":306,"column":8},"end":{"line":306,"column":8},"skip":true},{"start":{"line":306,"column":8},"end":{"line":306,"column":8},"skip":true}]},"26":{"line":310,"type":"if","locations":[{"start":{"line":310,"column":8},"end":{"line":310,"column":8},"skip":true},{"start":{"line":310,"column":8},"end":{"line":310,"column":8},"skip":true}]},"27":{"line":313,"type":"binary-expr","locations":[{"start":{"line":313,"column":27},"end":{"line":313,"column":43},"skip":true},{"start":{"line":313,"column":47},"end":{"line":313,"column":53},"skip":true}]},"28":{"line":317,"type":"if","locations":[{"start":{"line":317,"column":12},"end":{"line":317,"column":12},"skip":true},{"start":{"line":317,"column":12},"end":{"line":317,"column":12},"skip":true}]}},"code":["/*","example.js","","quickstart example","","instruction","    1. save this script as example.js","    2. run the shell command:","        $ npm install npmtest-ical-generator && PORT=8081 node example.js","    3. play with the browser-demo on http://127.0.0.1:8081","*/","","","","/* istanbul instrument in package npmtest_ical_generator */","/*jslint","    bitwise: true,","    browser: true,","    maxerr: 8,","    maxlen: 96,","    node: true,","    nomen: true,","    regexp: true,","    stupid: true","*/","(function () {","    'use strict';","    var local;","","","","    // run shared js-env code - pre-init","    (function () {","        // init local","        local = {};","        // init modeJs","        local.modeJs = (function () {","            try {","                return typeof navigator.userAgent === 'string' &&","                    typeof document.querySelector('body') === 'object' &&","                    typeof XMLHttpRequest.prototype.open === 'function' &&","                    'browser';","            } catch (errorCaughtBrowser) {","                return module.exports &&","                    typeof process.versions.node === 'string' &&","                    typeof require('http').createServer === 'function' &&","                    'node';","            }","        }());","        // init global","        local.global = local.modeJs === 'browser'","            ? window","            : global;","        // init utility2_rollup","        local = local.global.utility2_rollup || (local.modeJs === 'browser'","            ? local.global.utility2_npmtest_ical_generator","            : global.utility2_moduleExports);","        // export local","        local.global.local = local;","    }());","    switch (local.modeJs) {","","","","    // post-init","    // run browser js-env code - post-init","    /* istanbul ignore next */","    case 'browser':","        local.testRunBrowser = function (event) {","            if (!event || (event &&","                    event.currentTarget &&","                    event.currentTarget.className &&","                    event.currentTarget.className.includes &&","                    event.currentTarget.className.includes('onreset'))) {","                // reset output","                Array.from(","                    document.querySelectorAll('body > .resettable')","                ).forEach(function (element) {","                    switch (element.tagName) {","                    case 'INPUT':","                    case 'TEXTAREA':","                        element.value = '';","                        break;","                    default:","                        element.textContent = '';","                    }","                });","            }","            switch (event && event.currentTarget && event.currentTarget.id) {","            case 'testRunButton1':","                // show tests","                if (document.querySelector('#testReportDiv1').style.display === 'none') {","                    document.querySelector('#testReportDiv1').style.display = 'block';","                    document.querySelector('#testRunButton1').textContent =","                        'hide internal test';","                    local.modeTest = true;","                    local.testRunDefault(local);","                // hide tests","                } else {","                    document.querySelector('#testReportDiv1').style.display = 'none';","                    document.querySelector('#testRunButton1').textContent = 'run internal test';","                }","                break;","            // custom-case","            default:","                break;","            }","            if (document.querySelector('#inputTextareaEval1') && (!event || (event &&","                    event.currentTarget &&","                    event.currentTarget.className &&","                    event.currentTarget.className.includes &&","                    event.currentTarget.className.includes('oneval')))) {","                // try to eval input-code","                try {","                    /*jslint evil: true*/","                    eval(document.querySelector('#inputTextareaEval1').value);","                } catch (errorCaught) {","                    console.error(errorCaught);","                }","            }","        };","        // log stderr and stdout to #outputTextareaStdout1","        ['error', 'log'].forEach(function (key) {","            console[key + '_original'] = console[key];","            console[key] = function () {","                var element;","                console[key + '_original'].apply(console, arguments);","                element = document.querySelector('#outputTextareaStdout1');","                if (!element) {","                    return;","                }","                // append text to #outputTextareaStdout1","                element.value += Array.from(arguments).map(function (arg) {","                    return typeof arg === 'string'","                        ? arg","                        : JSON.stringify(arg, null, 4);","                }).join(' ') + '\\n';","                // scroll textarea to bottom","                element.scrollTop = element.scrollHeight;","            };","        });","        // init event-handling","        ['change', 'click', 'keyup'].forEach(function (event) {","            Array.from(document.querySelectorAll('.on' + event)).forEach(function (element) {","                element.addEventListener(event, local.testRunBrowser);","            });","        });","        // run tests","        local.testRunBrowser();","        break;","","","","    // run node js-env code - post-init","    /* istanbul ignore next */","    case 'node':","        // export local","        module.exports = local;","        // require modules","        local.fs = require('fs');","        local.http = require('http');","        local.url = require('url');","        // init assets","        local.assetsDict = local.assetsDict || {};","        /* jslint-ignore-begin */","        local.assetsDict['/assets.index.template.html'] = '\\","<!doctype html>\\n\\","<html lang=\"en\">\\n\\","<head>\\n\\","<meta charset=\"UTF-8\">\\n\\","<meta name=\"viewport\" content=\"width=device-width, initial-scale=1\">\\n\\","<title>{{env.npm_package_name}} (v{{env.npm_package_version}})</title>\\n\\","<style>\\n\\","/*csslint\\n\\","    box-sizing: false,\\n\\","    universal-selector: false\\n\\","*/\\n\\","* {\\n\\","    box-sizing: border-box;\\n\\","}\\n\\","body {\\n\\","    background: #dde;\\n\\","    font-family: Arial, Helvetica, sans-serif;\\n\\","    margin: 2rem;\\n\\","}\\n\\","body > * {\\n\\","    margin-bottom: 1rem;\\n\\","}\\n\\",".utility2FooterDiv {\\n\\","    margin-top: 20px;\\n\\","    text-align: center;\\n\\","}\\n\\","</style>\\n\\","<style>\\n\\","/*csslint\\n\\","*/\\n\\","textarea {\\n\\","    font-family: monospace;\\n\\","    height: 10rem;\\n\\","    width: 100%;\\n\\","}\\n\\","textarea[readonly] {\\n\\","    background: #ddd;\\n\\","}\\n\\","</style>\\n\\","</head>\\n\\","<body>\\n\\","<!-- utility2-comment\\n\\","<div id=\"ajaxProgressDiv1\" style=\"background: #d00; height: 2px; left: 0; margin: 0; padding: 0; position: fixed; top: 0; transition: background 0.5s, width 1.5s; width: 25%;\"></div>\\n\\","utility2-comment -->\\n\\","<h1>\\n\\","<!-- utility2-comment\\n\\","    <a\\n\\","        {{#if env.npm_package_homepage}}\\n\\","        href=\"{{env.npm_package_homepage}}\"\\n\\","        {{/if env.npm_package_homepage}}\\n\\","        target=\"_blank\"\\n\\","    >\\n\\","utility2-comment -->\\n\\","        {{env.npm_package_name}} (v{{env.npm_package_version}})\\n\\","<!-- utility2-comment\\n\\","    </a>\\n\\","utility2-comment -->\\n\\","</h1>\\n\\","<h3>{{env.npm_package_description}}</h3>\\n\\","<!-- utility2-comment\\n\\","<h4><a download href=\"assets.app.js\">download standalone app</a></h4>\\n\\","<button class=\"onclick onreset\" id=\"testRunButton1\">run internal test</button><br>\\n\\","<div id=\"testReportDiv1\" style=\"display: none;\"></div>\\n\\","utility2-comment -->\\n\\","\\n\\","\\n\\","\\n\\","<label>stderr and stdout</label>\\n\\","<textarea class=\"resettable\" id=\"outputTextareaStdout1\" readonly></textarea>\\n\\","<!-- utility2-comment\\n\\","{{#if isRollup}}\\n\\","<script src=\"assets.app.js\"></script>\\n\\","{{#unless isRollup}}\\n\\","utility2-comment -->\\n\\","<script src=\"assets.utility2.rollup.js\"></script>\\n\\","<script src=\"jsonp.utility2._stateInit?callback=window.utility2._stateInit\"></script>\\n\\","<script src=\"assets.npmtest_ical_generator.rollup.js\"></script>\\n\\","<script src=\"assets.example.js\"></script>\\n\\","<script src=\"assets.test.js\"></script>\\n\\","<!-- utility2-comment\\n\\","{{/if isRollup}}\\n\\","utility2-comment -->\\n\\","<div class=\"utility2FooterDiv\">\\n\\","    [ this app was created with\\n\\","    <a href=\"https://github.com/kaizhu256/node-utility2\" target=\"_blank\">utility2</a>\\n\\","    ]\\n\\","</div>\\n\\","</body>\\n\\","</html>\\n\\","';","        /* jslint-ignore-end */","        if (local.templateRender) {","            local.assetsDict['/'] = local.templateRender(","                local.assetsDict['/assets.index.template.html'],","                {","                    env: local.objectSetDefault(local.env, {","                        npm_package_description: 'the greatest app in the world!',","                        npm_package_name: 'my-app',","                        npm_package_nameAlias: 'my_app',","                        npm_package_version: '0.0.1'","                    })","                }","            );","        } else {","            local.assetsDict['/'] = local.assetsDict['/assets.index.template.html']","                .replace((/\\{\\{env\\.(\\w+?)\\}\\}/g), function (match0, match1) {","                    // jslint-hack","                    String(match0);","                    switch (match1) {","                    case 'npm_package_description':","                        return 'the greatest app in the world!';","                    case 'npm_package_name':","                        return 'my-app';","                    case 'npm_package_nameAlias':","                        return 'my_app';","                    case 'npm_package_version':","                        return '0.0.1';","                    }","                });","        }","        // run the cli","        if (local.global.utility2_rollup || module !== require.main) {","            break;","        }","        local.assetsDict['/assets.example.js'] =","            local.assetsDict['/assets.example.js'] ||","            local.fs.readFileSync(__filename, 'utf8');","        // bug-workaround - long $npm_package_buildCustomOrg","        /* jslint-ignore-begin */","        local.assetsDict['/assets.npmtest_ical_generator.rollup.js'] =","            local.assetsDict['/assets.npmtest_ical_generator.rollup.js'] ||","            local.fs.readFileSync(","                local.npmtest_ical_generator.__dirname + '/lib.npmtest_ical_generator.js',","                'utf8'","            ).replace((/^#!/), '//');","        /* jslint-ignore-end */","        local.assetsDict['/favicon.ico'] = local.assetsDict['/favicon.ico'] || '';","        // if $npm_config_timeout_exit exists,","        // then exit this process after $npm_config_timeout_exit ms","        if (Number(process.env.npm_config_timeout_exit)) {","            setTimeout(process.exit, Number(process.env.npm_config_timeout_exit));","        }","        // start server","        if (local.global.utility2_serverHttp1) {","            break;","        }","        process.env.PORT = process.env.PORT || '8081';","        console.error('server starting on port ' + process.env.PORT);","        local.http.createServer(function (request, response) {","            request.urlParsed = local.url.parse(request.url);","            if (local.assetsDict[request.urlParsed.pathname] !== undefined) {","                response.end(local.assetsDict[request.urlParsed.pathname]);","                return;","            }","            response.statusCode = 404;","            response.end();","        }).listen(process.env.PORT);","        break;","    }","}());",""],"l":{"26":2,"28":2,"33":2,"35":2,"37":2,"38":2,"39":2,"44":1,"51":2,"55":2,"59":2,"61":2,"69":1,"70":2,"76":2,"79":2,"82":2,"83":2,"85":1,"89":2,"92":1,"93":1,"94":1,"96":1,"97":1,"100":1,"101":1,"103":1,"106":1,"108":2,"114":1,"116":1,"118":1,"123":1,"124":2,"125":2,"126":3,"127":3,"128":3,"129":3,"130":1,"133":3,"134":3,"139":3,"143":1,"144":3,"145":1,"149":1,"150":1,"158":1,"160":1,"161":1,"162":1,"164":1,"166":1,"258":1,"259":1,"271":1,"274":6,"275":6,"277":1,"279":2,"281":1,"283":2,"288":1,"289":1,"291":1,"296":1,"303":1,"306":1,"307":1,"310":1,"311":1,"313":1,"314":1,"315":1,"316":1,"317":1,"318":1,"319":1,"321":1,"322":1,"324":1}},"/home/travis/build/npmtest/node-npmtest-ical-generator/node_modules/ical-generator/lib/index.js":{"path":"/home/travis/build/npmtest/node-npmtest-ical-generator/node_modules/ical-generator/lib/index.js","s":{"1":1,"2":0,"3":0},"b":{},"f":{"1":0},"fnMap":{"1":{"name":"(anonymous_1)","line":1,"loc":{"start":{"line":1,"column":17},"end":{"line":1,"column":32}}}},"statementMap":{"1":{"start":{"line":1,"column":0},"end":{"line":9,"column":2}},"2":{"start":{"line":7,"column":4},"end":{"line":7,"column":44}},"3":{"start":{"line":8,"column":4},"end":{"line":8,"column":30}}},"branchMap":{},"code":["module.exports = function(data) {","    'use strict';","","    /**","     * @type {ICalCalendar}","     */","    var Calendar = require('./calendar.js');","    return new Calendar(data);","};",""],"l":{"1":1,"7":0,"8":0}},"/home/travis/build/npmtest/node-npmtest-ical-generator/node_modules/ical-generator/gruntfile.js":{"path":"/home/travis/build/npmtest/node-npmtest-ical-generator/node_modules/ical-generator/gruntfile.js","s":{"1":1,"2":0,"3":0,"4":0,"5":0,"6":0},"b":{},"f":{"1":0},"fnMap":{"1":{"name":"(anonymous_1)","line":1,"loc":{"start":{"line":1,"column":17},"end":{"line":1,"column":33}}}},"statementMap":{"1":{"start":{"line":1,"column":0},"end":{"line":27,"column":2}},"2":{"start":{"line":4,"column":4},"end":{"line":4,"column":46}},"3":{"start":{"line":5,"column":4},"end":{"line":5,"column":47}},"4":{"start":{"line":7,"column":4},"end":{"line":23,"column":7}},"5":{"start":{"line":25,"column":4},"end":{"line":25,"column":50}},"6":{"start":{"line":26,"column":4},"end":{"line":26,"column":55}}},"branchMap":{},"code":["module.exports = function(grunt) {","    'use strict';","","    grunt.loadNpmTasks('grunt-contrib-watch');","    grunt.loadNpmTasks('grunt-contrib-jshint');","","    grunt.initConfig({","        jshint: {","            options: {","                jshintrc: true","            },","            lib: [","                'lib/*.js',","                'test/*.js'","            ]","        },","        watch: {","            lib: {","                files: ['lib/*.js', 'test/*.js'],","                tasks: ['jshint:lib']","            }","        }","    });","","    grunt.registerTask('default', ['jshint:lib']);","    grunt.registerTask('dev', ['jshint:lib', 'watch']);","};"],"l":{"1":1,"4":0,"5":0,"7":0,"25":0,"26":0}},"/home/travis/build/npmtest/node-npmtest-ical-generator/node_modules/ical-generator/lib/alarm.js":{"path":"/home/travis/build/npmtest/node-npmtest-ical-generator/node_modules/ical-generator/lib/alarm.js","s":{"1":1,"2":0,"3":0,"4":0,"5":0,"6":0,"7":0,"8":0,"9":0,"10":0,"11":0,"12":0,"13":0,"14":0,"15":0,"16":0,"17":0,"18":0,"19":0,"20":0,"21":0,"22":0,"23":0,"24":0,"25":0,"26":0,"27":0,"28":0,"29":0,"30":0,"31":0,"32":0,"33":0,"34":0,"35":0,"36":0,"37":0,"38":0,"39":0,"40":0,"41":0,"42":0,"43":0,"44":0,"45":0,"46":0,"47":0,"48":0,"49":0,"50":0,"51":0,"52":0,"53":0,"54":0,"55":0,"56":0,"57":0,"58":0,"59":0,"60":0,"61":0,"62":0,"63":0,"64":0,"65":0,"66":0,"67":0,"68":0,"69":0,"70":0,"71":0,"72":0,"73":0,"74":0,"75":0,"76":0,"77":0,"78":0,"79":0,"80":0,"81":0,"82":0,"83":0,"84":0,"85":0,"86":0,"87":0,"88":0,"89":0,"90":0,"91":0,"92":0,"93":0,"94":0,"95":0,"96":0,"97":0,"98":0,"99":0,"100":0,"101":0,"102":0,"103":0,"104":0,"105":0,"106":0,"107":0,"108":0,"109":0,"110":0,"111":0,"112":0,"113":0,"114":0,"115":0,"116":0,"117":0,"118":0,"119":0,"120":0,"121":1},"b":{"1":[0,0],"2":[0,0],"3":[0,0],"4":[0,0],"5":[0,0],"6":[0,0],"7":[0,0],"8":[0,0],"9":[0,0],"10":[0,0],"11":[0,0],"12":[0,0],"13":[0,0],"14":[0,0],"15":[0,0],"16":[0,0],"17":[0,0],"18":[0,0],"19":[0,0],"20":[0,0],"21":[0,0],"22":[0,0],"23":[0,0],"24":[0,0],"25":[0,0],"26":[0,0],"27":[0,0],"28":[0,0],"29":[0,0],"30":[0,0],"31":[0,0],"32":[0,0],"33":[0,0],"34":[0,0],"35":[0,0],"36":[0,0],"37":[0,0],"38":[0,0],"39":[0,0],"40":[0,0],"41":[0,0],"42":[0,0],"43":[0,0,0],"44":[0,0],"45":[0,0],"46":[0,0],"47":[0,0],"48":[0,0],"49":[0,0],"50":[0,0],"51":[0,0]},"f":{"1":0,"2":0,"3":0,"4":0,"5":0,"6":0,"7":0,"8":0,"9":0,"10":0},"fnMap":{"1":{"name":"(anonymous_1)","line":9,"loc":{"start":{"line":9,"column":16},"end":{"line":9,"column":39}}},"2":{"name":"(anonymous_2)","line":40,"loc":{"start":{"line":40,"column":16},"end":{"line":40,"column":31}}},"3":{"name":"(anonymous_3)","line":65,"loc":{"start":{"line":65,"column":19},"end":{"line":65,"column":37}}},"4":{"name":"(anonymous_4)","line":101,"loc":{"start":{"line":101,"column":24},"end":{"line":101,"column":42}}},"5":{"name":"(anonymous_5)","line":127,"loc":{"start":{"line":127,"column":18},"end":{"line":127,"column":35}}},"6":{"name":"(anonymous_6)","line":152,"loc":{"start":{"line":152,"column":20},"end":{"line":152,"column":39}}},"7":{"name":"(anonymous_7)","line":177,"loc":{"start":{"line":177,"column":18},"end":{"line":177,"column":36}}},"8":{"name":"(anonymous_8)","line":222,"loc":{"start":{"line":222,"column":23},"end":{"line":222,"column":45}}},"9":{"name":"(anonymous_9)","line":242,"loc":{"start":{"line":242,"column":18},"end":{"line":242,"column":29}}},"10":{"name":"(anonymous_10)","line":254,"loc":{"start":{"line":254,"column":20},"end":{"line":254,"column":31}}}},"statementMap":{"1":{"start":{"line":9,"column":0},"end":{"line":323,"column":2}},"2":{"start":{"line":10,"column":4},"end":{"line":13,"column":13}},"3":{"start":{"line":15,"column":4},"end":{"line":17,"column":5}},"4":{"start":{"line":16,"column":8},"end":{"line":16,"column":41}},"5":{"start":{"line":19,"column":4},"end":{"line":21,"column":6}},"6":{"start":{"line":23,"column":4},"end":{"line":30,"column":6}},"7":{"start":{"line":40,"column":4},"end":{"line":55,"column":6}},"8":{"start":{"line":41,"column":8},"end":{"line":43,"column":9}},"9":{"start":{"line":42,"column":12},"end":{"line":42,"column":29}},"10":{"start":{"line":44,"column":8},"end":{"line":47,"column":9}},"11":{"start":{"line":45,"column":12},"end":{"line":45,"column":29}},"12":{"start":{"line":46,"column":12},"end":{"line":46,"column":24}},"13":{"start":{"line":49,"column":8},"end":{"line":51,"column":9}},"14":{"start":{"line":50,"column":12},"end":{"line":50,"column":80}},"15":{"start":{"line":53,"column":8},"end":{"line":53,"column":25}},"16":{"start":{"line":54,"column":8},"end":{"line":54,"column":20}},"17":{"start":{"line":65,"column":4},"end":{"line":91,"column":6}},"18":{"start":{"line":66,"column":8},"end":{"line":68,"column":9}},"19":{"start":{"line":67,"column":12},"end":{"line":67,"column":32}},"20":{"start":{"line":69,"column":8},"end":{"line":71,"column":9}},"21":{"start":{"line":70,"column":12},"end":{"line":70,"column":37}},"22":{"start":{"line":72,"column":8},"end":{"line":74,"column":9}},"23":{"start":{"line":73,"column":12},"end":{"line":73,"column":24}},"24":{"start":{"line":77,"column":8},"end":{"line":80,"column":9}},"25":{"start":{"line":78,"column":12},"end":{"line":78,"column":32}},"26":{"start":{"line":79,"column":12},"end":{"line":79,"column":24}},"27":{"start":{"line":81,"column":8},"end":{"line":84,"column":9}},"28":{"start":{"line":82,"column":12},"end":{"line":82,"column":35}},"29":{"start":{"line":83,"column":12},"end":{"line":83,"column":24}},"30":{"start":{"line":85,"column":8},"end":{"line":88,"column":9}},"31":{"start":{"line":86,"column":12},"end":{"line":86,"column":40}},"32":{"start":{"line":87,"column":12},"end":{"line":87,"column":24}},"33":{"start":{"line":90,"column":8},"end":{"line":90,"column":84}},"34":{"start":{"line":101,"column":4},"end":{"line":107,"column":6}},"35":{"start":{"line":102,"column":8},"end":{"line":104,"column":9}},"36":{"start":{"line":103,"column":12},"end":{"line":103,"column":32}},"37":{"start":{"line":106,"column":8},"end":{"line":106,"column":82}},"38":{"start":{"line":117,"column":4},"end":{"line":117,"column":38}},"39":{"start":{"line":127,"column":4},"end":{"line":142,"column":6}},"40":{"start":{"line":128,"column":8},"end":{"line":130,"column":9}},"41":{"start":{"line":129,"column":12},"end":{"line":129,"column":31}},"42":{"start":{"line":131,"column":8},"end":{"line":134,"column":9}},"43":{"start":{"line":132,"column":12},"end":{"line":132,"column":31}},"44":{"start":{"line":133,"column":12},"end":{"line":133,"column":24}},"45":{"start":{"line":136,"column":8},"end":{"line":138,"column":9}},"46":{"start":{"line":137,"column":12},"end":{"line":137,"column":62}},"47":{"start":{"line":140,"column":8},"end":{"line":140,"column":29}},"48":{"start":{"line":141,"column":8},"end":{"line":141,"column":20}},"49":{"start":{"line":152,"column":4},"end":{"line":167,"column":6}},"50":{"start":{"line":153,"column":8},"end":{"line":155,"column":9}},"51":{"start":{"line":154,"column":12},"end":{"line":154,"column":33}},"52":{"start":{"line":156,"column":8},"end":{"line":159,"column":9}},"53":{"start":{"line":157,"column":12},"end":{"line":157,"column":33}},"54":{"start":{"line":158,"column":12},"end":{"line":158,"column":24}},"55":{"start":{"line":161,"column":8},"end":{"line":163,"column":9}},"56":{"start":{"line":162,"column":12},"end":{"line":162,"column":64}},"57":{"start":{"line":165,"column":8},"end":{"line":165,"column":33}},"58":{"start":{"line":166,"column":8},"end":{"line":166,"column":20}},"59":{"start":{"line":177,"column":4},"end":{"line":212,"column":6}},"60":{"start":{"line":178,"column":8},"end":{"line":180,"column":9}},"61":{"start":{"line":179,"column":12},"end":{"line":179,"column":31}},"62":{"start":{"line":181,"column":8},"end":{"line":184,"column":9}},"63":{"start":{"line":182,"column":12},"end":{"line":182,"column":31}},"64":{"start":{"line":183,"column":12},"end":{"line":183,"column":24}},"65":{"start":{"line":186,"column":8},"end":{"line":186,"column":26}},"66":{"start":{"line":187,"column":8},"end":{"line":201,"column":9}},"67":{"start":{"line":188,"column":12},"end":{"line":191,"column":14}},"68":{"start":{"line":193,"column":13},"end":{"line":201,"column":9}},"69":{"start":{"line":194,"column":12},"end":{"line":197,"column":14}},"70":{"start":{"line":200,"column":12},"end":{"line":200,"column":151}},"71":{"start":{"line":203,"column":8},"end":{"line":205,"column":9}},"72":{"start":{"line":204,"column":12},"end":{"line":204,"column":43}},"73":{"start":{"line":207,"column":8},"end":{"line":210,"column":10}},"74":{"start":{"line":211,"column":8},"end":{"line":211,"column":20}},"75":{"start":{"line":222,"column":4},"end":{"line":233,"column":6}},"76":{"start":{"line":223,"column":8},"end":{"line":225,"column":9}},"77":{"start":{"line":224,"column":12},"end":{"line":224,"column":36}},"78":{"start":{"line":226,"column":8},"end":{"line":229,"column":9}},"79":{"start":{"line":227,"column":12},"end":{"line":227,"column":36}},"80":{"start":{"line":228,"column":12},"end":{"line":228,"column":24}},"81":{"start":{"line":231,"column":8},"end":{"line":231,"column":39}},"82":{"start":{"line":232,"column":8},"end":{"line":232,"column":20}},"83":{"start":{"line":242,"column":4},"end":{"line":245,"column":6}},"84":{"start":{"line":243,"column":8},"end":{"line":243,"column":43}},"85":{"start":{"line":244,"column":8},"end":{"line":244,"column":46}},"86":{"start":{"line":254,"column":4},"end":{"line":315,"column":6}},"87":{"start":{"line":255,"column":8},"end":{"line":256,"column":35}},"88":{"start":{"line":258,"column":8},"end":{"line":260,"column":9}},"89":{"start":{"line":259,"column":12},"end":{"line":259,"column":60}},"90":{"start":{"line":261,"column":8},"end":{"line":263,"column":9}},"91":{"start":{"line":262,"column":12},"end":{"line":262,"column":63}},"92":{"start":{"line":266,"column":8},"end":{"line":266,"column":58}},"93":{"start":{"line":268,"column":8},"end":{"line":276,"column":9}},"94":{"start":{"line":269,"column":12},"end":{"line":269,"column":86}},"95":{"start":{"line":271,"column":13},"end":{"line":276,"column":9}},"96":{"start":{"line":272,"column":12},"end":{"line":272,"column":80}},"97":{"start":{"line":275,"column":12},"end":{"line":275,"column":68}},"98":{"start":{"line":279,"column":8},"end":{"line":281,"column":9}},"99":{"start":{"line":280,"column":12},"end":{"line":280,"column":91}},"100":{"start":{"line":282,"column":8},"end":{"line":284,"column":9}},"101":{"start":{"line":283,"column":12},"end":{"line":283,"column":50}},"102":{"start":{"line":287,"column":8},"end":{"line":289,"column":9}},"103":{"start":{"line":288,"column":12},"end":{"line":288,"column":91}},"104":{"start":{"line":290,"column":8},"end":{"line":292,"column":9}},"105":{"start":{"line":291,"column":12},"end":{"line":291,"column":70}},"106":{"start":{"line":295,"column":8},"end":{"line":303,"column":9}},"107":{"start":{"line":296,"column":12},"end":{"line":296,"column":87}},"108":{"start":{"line":298,"column":13},"end":{"line":303,"column":9}},"109":{"start":{"line":299,"column":12},"end":{"line":299,"column":64}},"110":{"start":{"line":301,"column":13},"end":{"line":303,"column":9}},"111":{"start":{"line":302,"column":12},"end":{"line":302,"column":46}},"112":{"start":{"line":306,"column":8},"end":{"line":311,"column":9}},"113":{"start":{"line":307,"column":12},"end":{"line":307,"column":74}},"114":{"start":{"line":309,"column":13},"end":{"line":311,"column":9}},"115":{"start":{"line":310,"column":12},"end":{"line":310,"column":73}},"116":{"start":{"line":313,"column":8},"end":{"line":313,"column":30}},"117":{"start":{"line":314,"column":8},"end":{"line":314,"column":17}},"118":{"start":{"line":318,"column":4},"end":{"line":322,"column":5}},"119":{"start":{"line":319,"column":8},"end":{"line":321,"column":9}},"120":{"start":{"line":320,"column":12},"end":{"line":320,"column":30}},"121":{"start":{"line":325,"column":0},"end":{"line":325,"column":27}}},"branchMap":{"1":{"line":15,"type":"if","locations":[{"start":{"line":15,"column":4},"end":{"line":15,"column":4}},{"start":{"line":15,"column":4},"end":{"line":15,"column":4}}]},"2":{"line":41,"type":"if","locations":[{"start":{"line":41,"column":8},"end":{"line":41,"column":8}},{"start":{"line":41,"column":8},"end":{"line":41,"column":8}}]},"3":{"line":44,"type":"if","locations":[{"start":{"line":44,"column":8},"end":{"line":44,"column":8}},{"start":{"line":44,"column":8},"end":{"line":44,"column":8}}]},"4":{"line":49,"type":"if","locations":[{"start":{"line":49,"column":8},"end":{"line":49,"column":8}},{"start":{"line":49,"column":8},"end":{"line":49,"column":8}}]},"5":{"line":66,"type":"if","locations":[{"start":{"line":66,"column":8},"end":{"line":66,"column":8}},{"start":{"line":66,"column":8},"end":{"line":66,"column":8}}]},"6":{"line":66,"type":"binary-expr","locations":[{"start":{"line":66,"column":11},"end":{"line":66,"column":32}},{"start":{"line":66,"column":36},"end":{"line":66,"column":64}}]},"7":{"line":69,"type":"if","locations":[{"start":{"line":69,"column":8},"end":{"line":69,"column":8}},{"start":{"line":69,"column":8},"end":{"line":69,"column":8}}]},"8":{"line":69,"type":"binary-expr","locations":[{"start":{"line":69,"column":11},"end":{"line":69,"column":32}},{"start":{"line":69,"column":36},"end":{"line":69,"column":48}}]},"9":{"line":72,"type":"if","locations":[{"start":{"line":72,"column":8},"end":{"line":72,"column":8}},{"start":{"line":72,"column":8},"end":{"line":72,"column":8}}]},"10":{"line":77,"type":"if","locations":[{"start":{"line":77,"column":8},"end":{"line":77,"column":8}},{"start":{"line":77,"column":8},"end":{"line":77,"column":8}}]},"11":{"line":81,"type":"if","locations":[{"start":{"line":81,"column":8},"end":{"line":81,"column":8}},{"start":{"line":81,"column":8},"end":{"line":81,"column":8}}]},"12":{"line":85,"type":"if","locations":[{"start":{"line":85,"column":8},"end":{"line":85,"column":8}},{"start":{"line":85,"column":8},"end":{"line":85,"column":8}}]},"13":{"line":85,"type":"binary-expr","locations":[{"start":{"line":85,"column":11},"end":{"line":85,"column":38}},{"start":{"line":85,"column":42},"end":{"line":85,"column":59}}]},"14":{"line":102,"type":"if","locations":[{"start":{"line":102,"column":8},"end":{"line":102,"column":8}},{"start":{"line":102,"column":8},"end":{"line":102,"column":8}}]},"15":{"line":106,"type":"cond-expr","locations":[{"start":{"line":106,"column":58},"end":{"line":106,"column":70}},{"start":{"line":106,"column":73},"end":{"line":106,"column":80}}]},"16":{"line":128,"type":"if","locations":[{"start":{"line":128,"column":8},"end":{"line":128,"column":8}},{"start":{"line":128,"column":8},"end":{"line":128,"column":8}}]},"17":{"line":131,"type":"if","locations":[{"start":{"line":131,"column":8},"end":{"line":131,"column":8}},{"start":{"line":131,"column":8},"end":{"line":131,"column":8}}]},"18":{"line":136,"type":"if","locations":[{"start":{"line":136,"column":8},"end":{"line":136,"column":8}},{"start":{"line":136,"column":8},"end":{"line":136,"column":8}}]},"19":{"line":136,"type":"binary-expr","locations":[{"start":{"line":136,"column":11},"end":{"line":136,"column":37}},{"start":{"line":136,"column":41},"end":{"line":136,"column":58}}]},"20":{"line":153,"type":"if","locations":[{"start":{"line":153,"column":8},"end":{"line":153,"column":8}},{"start":{"line":153,"column":8},"end":{"line":153,"column":8}}]},"21":{"line":156,"type":"if","locations":[{"start":{"line":156,"column":8},"end":{"line":156,"column":8}},{"start":{"line":156,"column":8},"end":{"line":156,"column":8}}]},"22":{"line":161,"type":"if","locations":[{"start":{"line":161,"column":8},"end":{"line":161,"column":8}},{"start":{"line":161,"column":8},"end":{"line":161,"column":8}}]},"23":{"line":161,"type":"binary-expr","locations":[{"start":{"line":161,"column":11},"end":{"line":161,"column":39}},{"start":{"line":161,"column":43},"end":{"line":161,"column":62}}]},"24":{"line":178,"type":"if","locations":[{"start":{"line":178,"column":8},"end":{"line":178,"column":8}},{"start":{"line":178,"column":8},"end":{"line":178,"column":8}}]},"25":{"line":181,"type":"if","locations":[{"start":{"line":181,"column":8},"end":{"line":181,"column":8}},{"start":{"line":181,"column":8},"end":{"line":181,"column":8}}]},"26":{"line":187,"type":"if","locations":[{"start":{"line":187,"column":8},"end":{"line":187,"column":8}},{"start":{"line":187,"column":8},"end":{"line":187,"column":8}}]},"27":{"line":193,"type":"if","locations":[{"start":{"line":193,"column":13},"end":{"line":193,"column":13}},{"start":{"line":193,"column":13},"end":{"line":193,"column":13}}]},"28":{"line":196,"type":"binary-expr","locations":[{"start":{"line":196,"column":22},"end":{"line":196,"column":34}},{"start":{"line":196,"column":38},"end":{"line":196,"column":42}}]},"29":{"line":203,"type":"if","locations":[{"start":{"line":203,"column":8},"end":{"line":203,"column":8}},{"start":{"line":203,"column":8},"end":{"line":203,"column":8}}]},"30":{"line":223,"type":"if","locations":[{"start":{"line":223,"column":8},"end":{"line":223,"column":8}},{"start":{"line":223,"column":8},"end":{"line":223,"column":8}}]},"31":{"line":226,"type":"if","locations":[{"start":{"line":226,"column":8},"end":{"line":226,"column":8}},{"start":{"line":226,"column":8},"end":{"line":226,"column":8}}]},"32":{"line":258,"type":"if","locations":[{"start":{"line":258,"column":8},"end":{"line":258,"column":8}},{"start":{"line":258,"column":8},"end":{"line":258,"column":8}}]},"33":{"line":261,"type":"if","locations":[{"start":{"line":261,"column":8},"end":{"line":261,"column":8}},{"start":{"line":261,"column":8},"end":{"line":261,"column":8}}]},"34":{"line":268,"type":"if","locations":[{"start":{"line":268,"column":8},"end":{"line":268,"column":8}},{"start":{"line":268,"column":8},"end":{"line":268,"column":8}}]},"35":{"line":271,"type":"if","locations":[{"start":{"line":271,"column":13},"end":{"line":271,"column":13}},{"start":{"line":271,"column":13},"end":{"line":271,"column":13}}]},"36":{"line":279,"type":"if","locations":[{"start":{"line":279,"column":8},"end":{"line":279,"column":8}},{"start":{"line":279,"column":8},"end":{"line":279,"column":8}}]},"37":{"line":279,"type":"binary-expr","locations":[{"start":{"line":279,"column":11},"end":{"line":279,"column":22}},{"start":{"line":279,"column":26},"end":{"line":279,"column":40}}]},"38":{"line":282,"type":"if","locations":[{"start":{"line":282,"column":8},"end":{"line":282,"column":8}},{"start":{"line":282,"column":8},"end":{"line":282,"column":8}}]},"39":{"line":287,"type":"if","locations":[{"start":{"line":287,"column":8},"end":{"line":287,"column":8}},{"start":{"line":287,"column":8},"end":{"line":287,"column":8}}]},"40":{"line":287,"type":"binary-expr","locations":[{"start":{"line":287,"column":11},"end":{"line":287,"column":24}},{"start":{"line":287,"column":28},"end":{"line":287,"column":40}}]},"41":{"line":290,"type":"if","locations":[{"start":{"line":290,"column":8},"end":{"line":290,"column":8}},{"start":{"line":290,"column":8},"end":{"line":290,"column":8}}]},"42":{"line":295,"type":"if","locations":[{"start":{"line":295,"column":8},"end":{"line":295,"column":8}},{"start":{"line":295,"column":8},"end":{"line":295,"column":8}}]},"43":{"line":295,"type":"binary-expr","locations":[{"start":{"line":295,"column":11},"end":{"line":295,"column":32}},{"start":{"line":295,"column":36},"end":{"line":295,"column":47}},{"start":{"line":295,"column":51},"end":{"line":295,"column":67}}]},"44":{"line":298,"type":"if","locations":[{"start":{"line":298,"column":13},"end":{"line":298,"column":13}},{"start":{"line":298,"column":13},"end":{"line":298,"column":13}}]},"45":{"line":298,"type":"binary-expr","locations":[{"start":{"line":298,"column":16},"end":{"line":298,"column":37}},{"start":{"line":298,"column":41},"end":{"line":298,"column":52}}]},"46":{"line":301,"type":"if","locations":[{"start":{"line":301,"column":13},"end":{"line":301,"column":13}},{"start":{"line":301,"column":13},"end":{"line":301,"column":13}}]},"47":{"line":306,"type":"if","locations":[{"start":{"line":306,"column":8},"end":{"line":306,"column":8}},{"start":{"line":306,"column":8},"end":{"line":306,"column":8}}]},"48":{"line":306,"type":"binary-expr","locations":[{"start":{"line":306,"column":11},"end":{"line":306,"column":34}},{"start":{"line":306,"column":38},"end":{"line":306,"column":54}}]},"49":{"line":309,"type":"if","locations":[{"start":{"line":309,"column":13},"end":{"line":309,"column":13}},{"start":{"line":309,"column":13},"end":{"line":309,"column":13}}]},"50":{"line":319,"type":"if","locations":[{"start":{"line":319,"column":8},"end":{"line":319,"column":8}},{"start":{"line":319,"column":8},"end":{"line":319,"column":8}}]},"51":{"line":319,"type":"binary-expr","locations":[{"start":{"line":319,"column":11},"end":{"line":319,"column":34}},{"start":{"line":319,"column":38},"end":{"line":319,"column":64}}]}},"code":["'use strict';","","","/**"," * @author Sebastian Pekarek"," * @module alarm"," * @constructor ICalAlarm Alarm"," */","var ICalAlarm = function(_data, event) {","    var attributes = ['type', 'trigger', 'triggerBefore', 'triggerAfter', 'repeat', 'interval', 'attach', 'description'],","        vars,","        i,","        data;","","    if(!event) {","        throw '`event` option required!';","    }","","    vars = {","        types: ['display', 'audio']","    };","","    data = {","        type: null,","        trigger: null,","        repeat: null,","        repeatInterval: null,","        attach: null,","        description: null","    };","","","    /**","     * Set/Get the alarm type","     *","     * @param type Type","     * @since 0.2.1","     * @returns {ICalAlarm|String}","     */","    this.type = function(type) {","        if(type === undefined) {","            return data.type;","        }","        if(!type) {","            data.type = null;","            return this;","        }","","        if(vars.types.indexOf(type) === -1) {","            throw '`type` is not correct, must be either `display` or `audio`!';","        }","","        data.type = type;","        return this;","    };","","","    /**","     * Set/Get seconds before event to trigger alarm","     *","     * @param {Number|Date} trigger Seconds before alarm triggeres","     * @since 0.2.1","     * @returns {ICalAlarm|Number|Date}","     */","    this.trigger = function(trigger) {","        if(trigger === undefined && data.trigger instanceof Date) {","            return data.trigger;","        }","        if(trigger === undefined && data.trigger) {","            return -1 * data.trigger;","        }","        if(trigger === undefined) {","            return null;","        }","","","        if(!trigger) {","            data.trigger = null;","            return this;","        }","        if(trigger instanceof Date) {","            data.trigger = trigger;","            return this;","        }","        if(typeof trigger === 'number' && isFinite(trigger)) {","            data.trigger = -1 * trigger;","            return this;","        }","","        throw '`trigger` is not correct, must be either typeof `Number` or `Date`!';","    };","","","    /**","     * Set/Get seconds after event to trigger alarm","     *","     * @param {Number|Date} trigger Seconds after alarm triggeres","     * @since 0.2.1","     * @returns {ICalAlarm|Number|Date}","     */","    this.triggerAfter = function(trigger) {","        if(trigger === undefined) {","            return data.trigger;","        }","","        return this.trigger(typeof trigger === 'number' ? -1 * trigger : trigger);","    };","","    /**","     * Set/Get seconds before event to trigger alarm","     *","     * @param {Number|Date} trigger Seconds before alarm triggeres","     * @since 0.2.1","     * @alias trigger","     * @returns {ICalAlarm|Number|Date}","     */","    this.triggerBefore = this.trigger;","","","    /**","     * Set/Get Alarm Repetitions","     *","     * @param {Number} Number of repetitions","     * @since 0.2.1","     * @returns {ICalAlarm|Number}","     */","    this.repeat = function(repeat) {","        if(repeat === undefined) {","            return data.repeat;","        }","        if(!repeat) {","            data.repeat = null;","            return this;","        }","","        if(typeof repeat !== 'number' || !isFinite(repeat)) {","            throw '`repeat` is not correct, must be numeric!';","        }","","        data.repeat = repeat;","        return this;","    };","","","    /**","     * Set/Get Repeat Interval","     *","     * @param {Number} Interval in seconds","     * @since 0.2.1","     * @returns {ICalAlarm|Number|Null}","     */","    this.interval = function(interval) {","        if(interval === undefined) {","            return data.interval;","        }","        if(!interval) {","            data.interval = null;","            return this;","        }","","        if(typeof interval !== 'number' || !isFinite(interval)) {","            throw '`interval` is not correct, must be numeric!';","        }","","        data.interval = interval;","        return this;","    };","","","    /**","     * Set/Get Attachment","     *","     * @param {Object|String} File-URI or Object","     * @since 0.2.1","     * @returns {ICalAlarm|Object}","     */","    this.attach = function(_attach) {","        if(_attach === undefined) {","            return data.attach;","        }","        if(!_attach) {","            data.attach = null;","            return this;","        }","","        var attach = null;","        if(typeof _attach === 'string') {","            attach = {","                uri: _attach,","                mime: null","            };","        }","        else if(typeof _attach === 'object') {","            attach = {","                uri: _attach.uri,","                mime: _attach.mime || null","            };","        }","        else {","            throw '`attach` needs to be a valid formed string or an object. See https://github.com/sebbo2002/ical-generator#attachstringobject-attach';","        }","","        if(!attach.uri) {","            throw '`attach.uri` is empty!';","        }","","        data.attach = {","            uri: attach.uri,","            mime: attach.mime","        };","        return this;","    };","","","    /**","     * Set/Get the alarm description","     *","     * @param description Description","     * @since 0.2.1","     * @returns {ICalAlarm|String}","     */","    this.description = function(description) {","        if(description === undefined) {","            return data.description;","        }","        if(!description) {","            data.description = null;","            return this;","        }","","        data.description = description;","        return this;","    };","","","    /**","     * Export calender as JSON Object to use it later…","     *","     * @since 0.2.4","     * @returns Object Calendar","     */","    this.toJSON = function() {","        var tools = require('./_tools.js');","        return tools.toJSON(this, attributes);","    };","","","    /**","     * Export Event to iCal","     *","     * @since 0.2.0","     * @returns {String}","     */","    this.generate = function() {","        var tools = require('./_tools.js'),","            g = 'BEGIN:VALARM\\r\\n';","","        if(!data.type) {","            throw 'No value for `type` in ICalAlarm given!';","        }","        if(!data.trigger) {","            throw 'No value for `trigger` in ICalAlarm given!';","        }","","        // ACTION","        g += 'ACTION:' + data.type.toUpperCase() + '\\r\\n';","","        if(data.trigger instanceof Date) {","            g += 'TRIGGER;VALUE=DATE-TIME:' + tools.formatDate(data.trigger) + '\\r\\n';","        }","        else if(data.trigger > 0) {","            g += 'TRIGGER;RELATED=END:' + tools.duration(data.trigger) + '\\r\\n';","        }","        else {","            g += 'TRIGGER:' + tools.duration(data.trigger) + '\\r\\n';","        }","","        // REPEAT","        if(data.repeat && !data.interval) {","            throw 'No value for `interval` in ICalAlarm given, but required for `repeat`!'
[...]
s.formatDate(data.end, true) + '\\r\\n';","            }","","            g += 'X-MICROSOFT-CDO-ALLDAYEVENT:TRUE\\r\\n';","            g += 'X-MICROSOFT-MSNCALENDAR-ALLDAYEVENT:TRUE\\r\\n';","        } else {","            g += tools.formatDateTZ('DTSTART', data.start, data) + '\\r\\n';","            if(data.end) {","                g += tools.formatDateTZ('DTEND', data.end, data) + '\\r\\n';","            }","        }","","        // REPEATING","        if(data.repeating) {","            g += 'RRULE:FREQ=' + data.repeating.freq;","","            if(data.repeating.count) {","                g += ';COUNT=' + data.repeating.count;","            }","","            if(data.repeating.interval) {","                g += ';INTERVAL=' + data.repeating.interval;","            }","","            if(data.repeating.until) {","                g += ';UNTIL=' + tools.formatDate(data.repeating.until);","            }","","            if(data.repeating.byDay) {","                g += ';BYDAY=' + data.repeating.byDay.join(',');","            }","","            if(data.repeating.byMonth) {","                g += ';BYMONTH=' + data.repeating.byMonth.join(',');","            }","","            if(data.repeating.byMonthDay) {","                g += ';BYMONTHDAY=' + data.repeating.byMonthDay.join(',');","            }","","            g += '\\r\\n';","","            // REPEATING EXCLUSION","            if(data.repeating.exclude) {","                g += 'EXDATE:';","                var sArr = [];","                data.repeating.exclude.forEach(function(excludedDate) {","                    sArr.push(tools.formatDate(excludedDate));","                });","                g += sArr.join(',');","","                g += '\\r\\n';","            }","        }","","        // SUMMARY","        g += 'SUMMARY:' + tools.escape(data.summary) + '\\r\\n';","","        // LOCATION","        if(data.location) {","            g += 'LOCATION:' + tools.escape(data.location) + '\\r\\n';","        }","","        // DESCRIPTION","        if(data.description) {","            g += 'DESCRIPTION:' + tools.escape(data.description) + '\\r\\n';","        }","","        // HTML DESCRIPTION","        if(data.htmlDescription) {","            g += 'X-ALT-DESC;FMTTYPE=text/html:' + tools.escape(data.htmlDescription) + '\\r\\n';","        }","","        // ORGANIZER","        if(data.organizer) {","            g += 'ORGANIZER;CN=\"' + tools.escape(data.organizer.name) + '\":mailto:' + tools.escape(data.organizer.email) + '\\r\\n';","        }","","        // ATTENDEES","        data.attendees.forEach(function(attendee) {","            g += attendee.generate();","        });","","        // ALARMS","        data.alarms.forEach(function(alarm) {","            g += alarm.generate();","        });","","        // URL","        if(data.url) {","            g += 'URL;VALUE=URI:' + tools.escape(data.url) + '\\r\\n';","        }","","        // STATUS","        if(data.status) {","            g += 'STATUS:' + data.status.toUpperCase() + '\\r\\n';","        }","","        g += 'END:VEVENT\\r\\n';","        return g;","    };","","","    for(i in _data) {","        if(_data.hasOwnProperty(i) && attributes.indexOf(i) > -1) {","            this[i](_data[i]);","        }","    }","};","","module.exports = ICalEvent;",""],"l":{"9":1,"10":0,"15":0,"16":0,"19":0,"24":0,"52":0,"53":0,"54":0,"57":0,"58":0,"70":0,"80":0,"81":0,"82":0,"85":0,"86":0,"87":0,"90":0,"91":0,"101":0,"102":0,"103":0,"107":0,"108":0,"110":0,"111":0,"113":0,"115":0,"116":0,"117":0,"118":0,"120":0,"131":0,"132":0,"133":0,"136":0,"137":0,"138":0,"140":0,"141":0,"143":0,"144":0,"146":0,"148":0,"149":0,"150":0,"151":0,"153":0,"166":0,"167":0,"168":0,"170":0,"171":0,"174":0,"175":0,"176":0,"178":0,"189":0,"190":0,"191":0,"194":0,"195":0,"197":0,"198":0,"200":0,"201":0,"213":0,"223":0,"224":0,"225":0,"228":0,"229":0,"241":0,"242":0,"243":0,"246":0,"247":0,"248":0,"250":0,"261":0,"262":0,"263":0,"265":0,"266":0,"267":0,"270":0,"271":0,"273":0,"277":0,"278":0,"279":0,"282":0,"285":0,"286":0,"287":0,"290":0,"293":0,"294":0,"295":0,"297":0,"298":0,"301":0,"304":0,"305":0,"306":0,"309":0,"310":0,"311":0,"312":0,"313":0,"316":0,"320":0,"321":0,"322":0,"325":0,"326":0,"327":0,"328":0,"331":0,"335":0,"336":0,"337":0,"340":0,"341":0,"342":0,"343":0,"346":0,"350":0,"351":0,"352":0,"355":0,"356":0,"357":0,"358":0,"359":0,"362":0,"363":0,"366":0,"370":0,"381":0,"382":0,"383":0,"386":0,"387":0,"398":0,"399":0,"400":0,"403":0,"404":0,"415":0,"416":0,"417":0,"420":0,"421":0,"432":0,"433":0,"434":0,"437":0,"438":0,"449":0,"450":0,"451":0,"453":0,"454":0,"455":0,"458":0,"461":0,"462":0,"467":0,"468":0,"473":0,"474":0,"477":0,"480":0,"481":0,"483":0,"484":0,"487":0,"491":0,"502":0,"503":0,"507":0,"508":0,"513":0,"514":0,"516":0,"517":0,"520":0,"521":0,"522":0,"532":0,"533":0,"534":0,"537":0,"538":0,"539":0,"541":0,"552":0,"553":0,"556":0,"557":0,"567":0,"568":0,"569":0,"572":0,"573":0,"574":0,"576":0,"588":0,"589":0,"590":0,"592":0,"593":0,"594":0,"597":0,"598":0,"609":0,"610":0,"611":0,"613":0,"614":0,"615":0,"619":0,"620":0,"622":0,"623":0,"626":0,"627":0,"638":0,"639":0,"640":0,"643":0,"644":0,"654":0,"655":0,"656":0,"667":0,"668":0,"671":0,"672":0,"674":0,"675":0,"677":0,"678":0,"682":0,"683":0,"686":0,"688":0,"689":0,"690":0,"691":0,"692":0,"695":0,"696":0,"698":0,"699":0,"700":0,"705":0,"706":0,"708":0,"709":0,"712":0,"713":0,"716":0,"717":0,"720":0,"721":0,"724":0,"725":0,"728":0,"729":0,"732":0,"735":0,"736":0,"737":0,"738":0,"739":0,"741":0,"743":0,"748":0,"751":0,"752":0,"756":0,"757":0,"761":0,"762":0,"766":0,"767":0,"771":0,"772":0,"776":0,"777":0,"781":0,"782":0,"786":0,"787":0,"790":0,"791":0,"795":0,"796":0,"797":0,"802":1}},"/home/travis/build/npmtest/node-npmtest-ical-generator/node_modules/ical-generator/lib/_tools.js":{"path":"/home/travis/build/npmtest/node-npmtest-ical-generator/node_modules/ical-generator/lib/_tools.js","s":{"1":1,"2":1,"3":0,"4":1,"5":0,"6":0,"7":0,"8":0,"9":0,"10":0,"11":0,"12":0,"13":0,"14":0,"15":0,"16":0,"17":1,"18":0,"19":0,"20":0,"21":0,"22":0,"23":1,"24":0,"25":0,"26":1,"27":0,"28":0,"29":0,"30":0,"31":0,"32":0,"33":0,"34":0,"35":0,"36":0,"37":0,"38":0,"39":0,"40":0,"41":0,"42":0,"43":0,"44":0,"45":0,"46":0,"47":0,"48":0,"49":1,"50":0,"51":0,"52":0,"53":0,"54":0,"55":0,"56":0,"57":0,"58":0,"59":0,"60":0,"61":0,"62":0,"63":0,"64":0,"65":0,"66":0,"67":0,"68":0,"69":1,"70":0,"71":0},"b":{"1":[0,0],"2":[0,0],"3":[0,0],"4":[0,0],"5":[0,0],"6":[0,0],"7":[0,0],"8":[0,0],"9":[0,0],"10":[0,0],"11":[0,0],"12":[0,0],"13":[0,0],"14":[0,0],"15":[0,0],"16":[0,0],"17":[0,0],"18":[0,0],"19":[0,0]},"f":{"1":0,"2":0,"3":0,"4":0,"5":0,"6":0,"7":0,"8":0,"9":0,"10":0,"11":0},"fnMap":{"1":{"name":"formatDate","line":5,"loc":{"start":{"line":5,"column":28},"end":{"line":5,"column":71}}},"2":{"name":"pad","line":8,"loc":{"start":{"line":8,"column":4},"end":{"line":8,"column":20}}},"3":{"name":"formatDateTZ","line":32,"loc":{"start":{"line":32,"column":30},"end":{"line":32,"column":79}}},"4":{"name":"escape","line":47,"loc":{"start":{"line":47,"column":24},"end":{"line":47,"column":45}}},"5":{"name":"(anonymous_5)","line":48,"loc":{"start":{"line":48,"column":35},"end":{"line":48,"column":51}}},"6":{"name":"duration","line":53,"loc":{"start":{"line":53,"column":26},"end":{"line":53,"column":53}}},"7":{"name":"(anonymous_7)","line":98,"loc":{"start":{"line":98,"column":24},"end":{"line":98,"column":62}}},"8":{"name":"(anonymous_8)","line":104,"loc":{"start":{"line":104,"column":23},"end":{"line":104,"column":43}}},"9":{"name":"(anonymous_9)","line":123,"loc":{"start":{"line":123,"column":38},"end":{"line":123,"column":55}}},"10":{"name":"(anonymous_10)","line":133,"loc":{"start":{"line":133,"column":27},"end":{"line":133,"column":43}}},"11":{"name":"(anonymous_11)","line":134,"loc":{"start":{"line":134,"column":35},"end":{"line":134,"column":50}}}},"statementMap":{"1":{"start":{"line":3,"column":0},"end":{"line":3,"column":20}},"2":{"start":{"line":5,"column":0},"end":{"line":28,"column":2}},"3":{"start":{"line":6,"column":4},"end":{"line":6,"column":10}},"4":{"start":{"line":8,"column":4},"end":{"line":10,"column":5}},"5":{"start":{"line":9,"column":8},"end":{"line":9,"column":39}},"6":{"start":{"line":12,"column":4},"end":{"line":12,"column":27}},"7":{"start":{"line":13,"column":4},"end":{"line":13,"column":34}},"8":{"start":{"line":14,"column":4},"end":{"line":14,"column":29}},"9":{"start":{"line":16,"column":4},"end":{"line":25,"column":5}},"10":{"start":{"line":17,"column":8},"end":{"line":17,"column":17}},"11":{"start":{"line":18,"column":8},"end":{"line":18,"column":34}},"12":{"start":{"line":19,"column":8},"end":{"line":19,"column":36}},"13":{"start":{"line":20,"column":8},"end":{"line":20,"column":36}},"14":{"start":{"line":22,"column":8},"end":{"line":24,"column":9}},"15":{"start":{"line":23,"column":12},"end":{"line":23,"column":21}},"16":{"start":{"line":27,"column":4},"end":{"line":27,"column":13}},"17":{"start":{"line":32,"column":0},"end":{"line":45,"column":2}},"18":{"start":{"line":33,"column":4},"end":{"line":34,"column":38}},"19":{"start":{"line":36,"column":4},"end":{"line":42,"column":5}},"20":{"start":{"line":37,"column":8},"end":{"line":37,"column":48}},"21":{"start":{"line":41,"column":8},"end":{"line":41,"column":24}},"22":{"start":{"line":44,"column":4},"end":{"line":44,"column":87}},"23":{"start":{"line":47,"column":0},"end":{"line":51,"column":2}},"24":{"start":{"line":48,"column":4},"end":{"line":50,"column":41}},"25":{"start":{"line":49,"column":8},"end":{"line":49,"column":28}},"26":{"start":{"line":53,"column":0},"end":{"line":96,"column":2}},"27":{"start":{"line":54,"column":4},"end":{"line":54,"column":20}},"28":{"start":{"line":57,"column":4},"end":{"line":60,"column":5}},"29":{"start":{"line":58,"column":8},"end":{"line":58,"column":21}},"30":{"start":{"line":59,"column":8},"end":{"line":59,"column":22}},"31":{"start":{"line":62,"column":4},"end":{"line":62,"column":18}},"32":{"start":{"line":65,"column":4},"end":{"line":68,"column":5}},"33":{"start":{"line":66,"column":8},"end":{"line":66,"column":52}},"34":{"start":{"line":67,"column":8},"end":{"line":67,"column":25}},"35":{"start":{"line":69,"column":4},"end":{"line":71,"column":5}},"36":{"start":{"line":70,"column":8},"end":{"line":70,"column":22}},"37":{"start":{"line":73,"column":4},"end":{"line":73,"column":18}},"38":{"start":{"line":76,"column":4},"end":{"line":79,"column":5}},"39":{"start":{"line":77,"column":8},"end":{"line":77,"column":51}},"40":{"start":{"line":78,"column":8},"end":{"line":78,"column":24}},"41":{"start":{"line":82,"column":4},"end":{"line":85,"column":5}},"42":{"start":{"line":83,"column":8},"end":{"line":83,"column":49}},"43":{"start":{"line":84,"column":8},"end":{"line":84,"column":22}},"44":{"start":{"line":88,"column":4},"end":{"line":93,"column":5}},"45":{"start":{"line":89,"column":8},"end":{"line":89,"column":32}},"46":{"start":{"line":91,"column":9},"end":{"line":93,"column":5}},"47":{"start":{"line":92,"column":8},"end":{"line":92,"column":23}},"48":{"start":{"line":95,"column":4},"end":{"line":95,"column":18}},"49":{"start":{"line":98,"column":0},"end":{"line":131,"column":2}},"50":{"start":{"line":99,"column":4},"end":{"line":99,"column":20}},"51":{"start":{"line":100,"column":4},"end":{"line":100,"column":28}},"52":{"start":{"line":101,"column":4},"end":{"line":101,"column":62}},"53":{"start":{"line":102,"column":4},"end":{"line":102,"column":40}},"54":{"start":{"line":104,"column":4},"end":{"line":128,"column":7}},"55":{"start":{"line":105,"column":8},"end":{"line":107,"column":9}},"56":{"start":{"line":106,"column":12},"end":{"line":106,"column":19}},"57":{"start":{"line":109,"column":8},"end":{"line":110,"column":19}},"58":{"start":{"line":112,"column":8},"end":{"line":114,"column":9}},"59":{"start":{"line":113,"column":12},"end":{"line":113,"column":52}},"60":{"start":{"line":115,"column":8},"end":{"line":117,"column":9}},"61":{"start":{"line":116,"column":12},"end":{"line":116,"column":19}},"62":{"start":{"line":119,"column":8},"end":{"line":119,"column":34}},"63":{"start":{"line":121,"column":8},"end":{"line":127,"column":9}},"64":{"start":{"line":122,"column":12},"end":{"line":122,"column":24}},"65":{"start":{"line":123,"column":12},"end":{"line":125,"column":15}},"66":{"start":{"line":124,"column":16},"end":{"line":124,"column":45}},"67":{"start":{"line":126,"column":12},"end":{"line":126,"column":39}},"68":{"start":{"line":130,"column":4},"end":{"line":130,"column":18}},"69":{"start":{"line":133,"column":0},"end":{"line":137,"column":2}},"70":{"start":{"line":134,"column":4},"end":{"line":136,"column":20}},"71":{"start":{"line":135,"column":8},"end":{"line":135,"column":54}}},"branchMap":{"1":{"line":9,"type":"cond-expr","locations":[{"start":{"line":9,"column":25},"end":{"line":9,"column":28}},{"start":{"line":9,"column":31},"end":{"line":9,"column":33}}]},"2":{"line":16,"type":"if","locations":[{"start":{"line":16,"column":4},"end":{"line":16,"column":4}},{"start":{"line":16,"column":4},"end":{"line":16,"column":4}}]},"3":{"line":22,"type":"if","locations":[{"start":{"line":22,"column":8},"end":{"line":22,"column":8}},{"start":{"line":22,"column":8},"end":{"line":22,"column":8}}]},"4":{"line":36,"type":"if","locations":[{"start":{"line":36,"column":4},"end":{"line":36,"column":4}},{"start":{"line":36,"column":4},"end":{"line":36,"column":4}}]},"5":{"line":57,"type":"if","locations":[{"start":{"line":57,"column":4},"end":{"line":57,"column":4}},{"start":{"line":57,"column":4},"end":{"line":57,"column":4}}]},"6":{"line":65,"type":"if","locations":[{"start":{"line":65,"column":4},"end":{"line":65,"column":4}},{"start":{"line":65,"column":4},"end":{"line":65,"column":4}}]},"7":{"line":69,"type":"if","locations":[{"start":{"line":69,"column":4},"end":{"line":69,"column":4}},{"start":{"line":69,"column":4},"end":{"line":69,"column":4}}]},"8":{"line":69,"type":"binary-expr","locations":[{"start":{"line":69,"column":7},"end":{"line":69,"column":15}},{"start":{"line":69,"column":19},"end":{"line":69,"column":36}}]},"9":{"line":76,"type":"if","locations":[{"start":{"line":76,"column":4},"end":{"line":76,"column":4}},{"start":{"line":76,"column":4},"end":{"line":76,"column":4}}]},"10":{"line":82,"type":"if","locations":[{"start":{"line":82,"column":4},"end":{"line":82,"column":4}},{"start":{"line":82,"column":4},"end":{"line":82,"column":4}}]},"11":{"line":88,"type":"if","locations":[{"start":{"line":88,"column":4},"end":{"line":88,"column":4}},{"start":{"line":88,"column":4},"end":{"line":88,"column":4}}]},"12":{"line":91,"type":"if","locations":[{"start":{"line":91,"column":9},"end":{"line":91,"column":9}},{"start":{"line":91,"column":9},"end":{"line":91,"column":9}}]},"13":{"line":100,"type":"binary-expr","locations":[{"start":{"line":100,"column":14},"end":{"line":100,"column":21}},{"start":{"line":100,"column":25},"end":{"line":100,"column":27}}]},"14":{"line":101,"type":"binary-expr","locations":[{"start":{"line":101,"column":31},"end":{"line":101,"column":55}},{"start":{"line":101,"column":59},"end":{"line":101,"column":61}}]},"15":{"line":102,"type":"binary-expr","locations":[{"start":{"line":102,"column":20},"end":{"line":102,"column":33}},{"start":{"line":102,"column":37},"end":{"line":102,"column":39}}]},"16":{"line":105,"type":"if","locations":[{"start":{"line":105,"column":8},"end":{"line":105,"column":8}},{"start":{"line":105,"column":8},"end":{"line":105,"column":8}}]},"17":{"line":112,"type":"if","locations":[{"start":{"line":112,"column":8},"end":{"line":112,"column":8}},{"start":{"line":112,"column":8},"end":{"line":112,"column":8}}]},"18":{"line":115,"type":"if","locations":[{"start":{"line":115,"column":8},"end":{"line":115,"column":8}},{"start":{"line":115,"column":8},"end":{"line":115,"column":8}}]},"19":{"line":121,"type":"if","locations":[{"start":{"line":121,"column":8},"end":{"line":121,"column":8}},{"start":{"line":121,"column":8},"end":{"line":121,"column":8}}]}},"code":["'use strict';","","module.exports = {};","","module.exports.formatDate = function formatDate(d, dateonly, floating) {","    var s;","","    function pad(i) {","        return (i < 10 ? '0' : '') + i;","    }","","    s = d.getUTCFullYear();","    s += pad(d.getUTCMonth() + 1);","    s += pad(d.getUTCDate());","","    if(!dateonly) {","        s += 'T';","        s += pad(d.getUTCHours());","        s += pad(d.getUTCMinutes());","        s += pad(d.getUTCSeconds());","","        if(!floating) {","            s += 'Z';","        }","    }","","    return s;","};","","// For information about this format, see RFC 5545, section 3.3.5","// https://tools.ietf.org/html/rfc5545#section-3.3.5","module.exports.formatDateTZ = function formatDateTZ(property, date, eventData) {","    var tzParam = '',","        floating = eventData.floating;","","    if(eventData.timezone) {","        tzParam = ';TZID=' + eventData.timezone;","","        // This isn't a 'floating' event because it has a timezone;","        // but we use it to omit the 'Z' UTC specifier in formatDate()","        floating = true;","    }","","    return property + tzParam + ':' + module.exports.formatDate(date, false, floating);","};","","module.exports.escape = function escape(str) {","    return str.replace(/[\\\\;,\"]/g, function(match) {","        return '\\\\' + match;","    }).replace(/(?:\\r\\n|\\r|\\n)/g, '\\\\n');","};","","module.exports.duration = function duration(seconds) {","    var string = '';","","    // < 0","    if(seconds < 0) {","        string = '-';","        seconds *= -1;","    }","","    string += 'P';","","    // DAYS","    if(seconds >= 86400) {","        string += Math.floor(seconds / 86400) + 'D';","        seconds %= 86400;","    }","    if(!seconds && string.length > 1) {","        return string;","    }","","    string += 'T';","","    // HOURS","    if(seconds >= 3600) {","        string += Math.floor(seconds / 3600) + 'H';","        seconds %= 3600;","    }","","    // MINUTES","    if(seconds >= 60) {","        string += Math.floor(seconds / 60) + 'M';","        seconds %= 60;","    }","","    // SECONDS","    if(seconds > 0) {","        string += seconds + 'S';","    }","    else if(string.length <= 2) {","        string += '0S';","    }","","    return string;","};","","module.exports.toJSON = function(object, attributes, options) {","    var result = {};","    options = options || {};","    options.ignoreAttributes = options.ignoreAttributes || [];","    options.hooks = options.hooks || {};","","    attributes.forEach(function(attribute) {","        if(options.ignoreAttributes.indexOf(attribute) !== -1) {","            return;","        }","","        var value = object[attribute](),","            newObj;","","        if(options.hooks[attribute]) {","            value = options.hooks[attribute](value);","        }","        if(!value) {","            return;","        }","","        result[attribute] = value;","","        if(Array.isArray(result[attribute])) {","            newObj = [];","            result[attribute].forEach(function(object) {","                newObj.push(object.toJSON());","            });","            result[attribute] = newObj;","        }","    });","","    return result;","};","","module.exports.foldLines = function(input) {","    return input.split('\\r\\n').map(function(line) {","        return line.match(/(.{1,74})/g).join('\\r\\n ');","    }).join('\\r\\n');","};"],"l":{"3":1,"5":1,"6":0,"8":1,"9":0,"12":0,"13":0,"14":0,"16":0,"17":0,"18":0,"19":0,"20":0,"22":0,"23":0,"27":0,"32":1,"33":0,"36":0,"37":0,"41":0,"44":0,"47":1,"48":0,"49":0,"53":1,"54":0,"57":0,"58":0,"59":0,"62":0,"65":0,"66":0,"67":0,"69":0,"70":0,"73":0,"76":0,"77":0,"78":0,"82":0,"83":0,"84":0,"88":0,"89":0,"91":0,"92":0,"95":0,"98":1,"99":0,"100":0,"101":0,"102":0,"104":0,"105":0,"106":0,"109":0,"112":0,"113":0,"115":0,"116":0,"119":0,"121":0,"122":0,"123":0,"124":0,"126":0,"130":0,"133":1,"134":0,"135":0}}}